#
# There is insufficient memory for the Java Runtime Environment to continue.
# Native memory allocation (malloc) failed to allocate 474336 bytes for Chunk::new
# Possible reasons:
#   The system is out of physical RAM or swap space
#   In 32 bit mode, the process size limit was hit
# Possible solutions:
#   Reduce memory load on the system
#   Increase physical memory or swap space
#   Check if swap backing store is full
#   Use 64 bit Java on a 64 bit OS
#   Decrease Java heap size (-Xmx/-Xms)
#   Decrease number of Java threads
#   Decrease Java thread stack sizes (-Xss)
#   Set larger code cache with -XX:ReservedCodeCacheSize=
# This output file may be truncated or incomplete.
#
#  Out of Memory Error (allocation.cpp:390), pid=7592, tid=7272
#
# JRE version: Java(TM) SE Runtime Environment (8.0_91-b14) (build 1.8.0_91-b14)
# Java VM: Java HotSpot(TM) 64-Bit Server VM (25.91-b14 mixed mode windows-amd64 compressed oops)
# Failed to write core dump. Minidumps are not enabled by default on client versions of Windows
#

---------------  T H R E A D  ---------------

Current thread (0x0000000014c06000):  JavaThread "C2 CompilerThread1" daemon [_thread_in_native, id=7272, stack(0x0000000016320000,0x0000000016420000)]

Stack: [0x0000000016320000,0x0000000016420000]
[error occurred during error reporting (printing stack bounds), id 0xc0000005]

Native frames: (J=compiled Java code, j=interpreted, Vv=VM code, C=native code)


Current CompileTask:
C2:   2157 1058       4       com.android.dx.ssa.SCCP::simulateStmt (481 bytes)


---------------  P R O C E S S  ---------------

Java Threads: ( => current thread )
  0x0000000016797000 JavaThread "pool-2-thread-4" [_thread_in_Java, id=3316, stack(0x0000000016f20000,0x0000000017020000)]
  0x0000000016796800 JavaThread "pool-2-thread-3" [_thread_in_Java, id=3960, stack(0x0000000016e20000,0x0000000016f20000)]
  0x0000000016691800 JavaThread "pool-2-thread-2" [_thread_in_Java, id=6240, stack(0x0000000016d20000,0x0000000016e20000)]
  0x0000000016698800 JavaThread "pool-3-thread-1" [_thread_blocked, id=9080, stack(0x0000000016c20000,0x0000000016d20000)]
  0x0000000016525000 JavaThread "Service Thread" daemon [_thread_blocked, id=2532, stack(0x0000000016920000,0x0000000016a20000)]
  0x0000000014c0e000 JavaThread "C1 CompilerThread2" daemon [_thread_in_vm, id=7304, stack(0x0000000016420000,0x0000000016520000)]
=>0x0000000014c06000 JavaThread "C2 CompilerThread1" daemon [_thread_in_native, id=7272, stack(0x0000000016320000,0x0000000016420000)]
  0x0000000014bb8000 JavaThread "C2 CompilerThread0" daemon [_thread_in_native, id=8400, stack(0x0000000016220000,0x0000000016320000)]
  0x0000000014bb6800 JavaThread "Attach Listener" daemon [_thread_blocked, id=7300, stack(0x0000000016120000,0x0000000016220000)]
  0x0000000014bb5800 JavaThread "Signal Dispatcher" daemon [_thread_blocked, id=5780, stack(0x0000000016020000,0x0000000016120000)]
  0x0000000014b9a800 JavaThread "Finalizer" daemon [_thread_blocked, id=3480, stack(0x0000000015e20000,0x0000000015f20000)]
  0x00000000024cf800 JavaThread "Reference Handler" daemon [_thread_blocked, id=9196, stack(0x0000000015d20000,0x0000000015e20000)]
  0x00000000023e0800 JavaThread "main" [_thread_blocked, id=6392, stack(0x00000000022e0000,0x00000000023e0000)]

Other Threads:
  0x0000000014b77800 VMThread [stack: 0x0000000015c20000,0x0000000015d20000] [id=5508]
  0x0000000016542000 WatcherThread [stack: 0x0000000016a20000,0x0000000016b20000] [id=7120]

VM state:not at safepoint (normal execution)

VM Mutex/Monitor currently owned by a thread: None

Heap:
 PSYoungGen      total 28672K, used 11035K [0x00000000eab00000, 0x00000000ecb00000, 0x0000000100000000)
  eden space 24576K, 28% used [0x00000000eab00000,0x00000000eb1cacd0,0x00000000ec300000)
  from space 4096K, 99% used [0x00000000ec300000,0x00000000ec6fc038,0x00000000ec700000)
  to   space 4096K, 0% used [0x00000000ec700000,0x00000000ec700000,0x00000000ecb00000)
 ParOldGen       total 65536K, used 2015K [0x00000000c0000000, 0x00000000c4000000, 0x00000000eab00000)
  object space 65536K, 3% used [0x00000000c0000000,0x00000000c01f7df8,0x00000000c4000000)
 Metaspace       used 5954K, capacity 6902K, committed 7040K, reserved 1056768K
  class space    used 607K, capacity 622K, committed 640K, reserved 1048576K

Card table byte_map: [0x00000000118a0000,0x0000000011ab0000] byte_map_base: 0x00000000112a0000

Marking Bits: (ParMarkBitMap*) 0x00000000767c2f70
 Begin Bits: [0x0000000012010000, 0x0000000013010000)
 End Bits:   [0x0000000013010000, 0x0000000014010000)

Polling page: 0x0000000002210000

CodeCache: size=245760Kb used=4253Kb max_used=4257Kb free=241506Kb
 bounds [0x00000000024e0000, 0x0000000002910000, 0x00000000114e0000]
 total_blobs=1369 nmethods=1097 adapters=185
 compilation: enabled

Compilation events (10 events):
Event: 2.151 Thread 0x0000000014bb8000 nmethod 1076 0x00000000028fc010 code [0x00000000028fc160, 0x00000000028fc1e8]
Event: 2.151 Thread 0x0000000014bb8000 1091       4       com.android.dx.rop.code.RegisterSpec::make (7 bytes)
Event: 2.152 Thread 0x0000000014bb8000 nmethod 1091 0x00000000028fffd0 code [0x0000000002900120, 0x0000000002900188]
Event: 2.152 Thread 0x0000000014bb8000 1090   !   4       com.android.dx.rop.code.RegisterSpecSet::get (18 bytes)
Event: 2.152 Thread 0x0000000014bb8000 nmethod 1090 0x00000000028ffd50 code [0x00000000028ffe80, 0x00000000028fff18]
Event: 2.153 Thread 0x0000000014bb8000 1097       4       com.android.dx.ssa.SsaRenamer$BlockRenamer$RenamingMapper::map (28 bytes)
Event: 2.154 Thread 0x0000000014c0e000 nmethod 1096 0x0000000002904fd0 code [0x0000000002905580, 0x0000000002908bc8]
Event: 2.155 Thread 0x0000000014bb8000 nmethod 1097 0x00000000028ff950 code [0x00000000028ffaa0, 0x00000000028ffba8]
Event: 2.155 Thread 0x0000000014c0e000 1098       3       com.android.dx.ssa.SsaMethod::buildUseList (112 bytes)
Event: 2.155 Thread 0x0000000014bb8000 1099       4       com.android.dx.ssa.SCCP::simulatePhi (169 bytes)

GC Heap History (2 events):
Event: 2.062 GC heap before
{Heap before GC invocations=1 (full 0):
 PSYoungGen      total 28672K, used 24576K [0x00000000eab00000, 0x00000000ecb00000, 0x0000000100000000)
  eden space 24576K, 100% used [0x00000000eab00000,0x00000000ec300000,0x00000000ec300000)
  from space 4096K, 0% used [0x00000000ec700000,0x00000000ec700000,0x00000000ecb00000)
  to   space 4096K, 0% used [0x00000000ec300000,0x00000000ec300000,0x00000000ec700000)
 ParOldGen       total 65536K, used 0K [0x00000000c0000000, 0x00000000c4000000, 0x00000000eab00000)
  object space 65536K, 0% used [0x00000000c0000000,0x00000000c0000000,0x00000000c4000000)
 Metaspace       used 5923K, capacity 6838K, committed 7040K, reserved 1056768K
  class space    used 607K, capacity 622K, committed 640K, reserved 1048576K
Event: 2.072 GC heap after
Heap after GC invocations=1 (full 0):
 PSYoungGen      total 28672K, used 4080K [0x00000000eab00000, 0x00000000ecb00000, 0x0000000100000000)
  eden space 24576K, 0% used [0x00000000eab00000,0x00000000eab00000,0x00000000ec300000)
  from space 4096K, 99% used [0x00000000ec300000,0x00000000ec6fc038,0x00000000ec700000)
  to   space 4096K, 0% used [0x00000000ec700000,0x00000000ec700000,0x00000000ecb00000)
 ParOldGen       total 65536K, used 2015K [0x00000000c0000000, 0x00000000c4000000, 0x00000000eab00000)
  object space 65536K, 3% used [0x00000000c0000000,0x00000000c01f7df8,0x00000000c4000000)
 Metaspace       used 5923K, capacity 6838K, committed 7040K, reserved 1056768K
  class space    used 607K, capacity 622K, committed 640K, reserved 1048576K
}

Deoptimization events (9 events):
Event: 0.886 Thread 0x00000000023e0800 Uncommon trap: reason=unstable_if action=reinterpret pc=0x00000000026eefbc method=java.util.HashMap.getNode(ILjava/lang/Object;)Ljava/util/HashMap$Node; @ 62
Event: 1.425 Thread 0x00000000023e0800 Uncommon trap: reason=unstable_if action=reinterpret pc=0x0000000002766a98 method=java.util.HashMap.getNode(ILjava/lang/Object;)Ljava/util/HashMap$Node; @ 129
Event: 1.599 Thread 0x0000000016796800 Uncommon trap: reason=unstable_if action=reinterpret pc=0x0000000002744868 method=java.util.HashMap.getNode(ILjava/lang/Object;)Ljava/util/HashMap$Node; @ 129
Event: 1.845 Thread 0x0000000016797000 Uncommon trap: reason=unstable_if action=reinterpret pc=0x00000000028a32dc method=com.android.dx.rop.cst.Constant.compareTo(Lcom/android/dx/rop/cst/Constant;)I @ 12
Event: 2.041 Thread 0x0000000016796800 Uncommon trap: reason=null_check action=make_not_entrant pc=0x000000000281ee28 method=com.android.dx.rop.type.Type.equals(Ljava/lang/Object;)Z @ 8
Event: 2.051 Thread 0x0000000016796800 Uncommon trap: reason=unstable_if action=reinterpret pc=0x0000000002855f3c method=com.android.dx.rop.code.RegisterSpec.equals(ILcom/android/dx/rop/type/TypeBearer;Lcom/android/dx/rop/code/LocalItem;)Z @ 42
Event: 2.140 Thread 0x0000000016797000 Uncommon trap: reason=unstable_if action=reinterpret pc=0x0000000002836dac method=com.android.dx.rop.code.RegisterSpecSet.put(Lcom/android/dx/rop/code/RegisterSpec;)V @ 77
Event: 2.140 Thread 0x0000000016797000 Uncommon trap: reason=unstable_if action=reinterpret pc=0x000000000289bde0 method=com.android.dx.rop.code.RegisterSpecSet.put(Lcom/android/dx/rop/code/RegisterSpec;)V @ 77
Event: 2.143 Thread 0x0000000016797000 Uncommon trap: reason=bimorphic action=maybe_recompile pc=0x00000000027f6dac method=java.util.HashMap.getNode(ILjava/lang/Object;)Ljava/util/HashMap$Node; @ 126

Internal exceptions (3 events):
Event: 0.044 Thread 0x00000000023e0800 Exception <a 'java/lang/NoSuchMethodError': Method sun.misc.Unsafe.defineClass(Ljava/lang/String;[BII)Ljava/lang/Class; name or signature does not match> (0x00000000eab07cc0) thrown at [C:\re\workspace\8-2-build-windows-amd64-cygwin\jdk8u91\6644\hotspot\srÒnJùYõ¶?
Event: 0.044 Thread 0x00000000023e0800 Exception <a 'java/lang/NoSuchMethodError': Method sun.misc.Unsafe.prefetchRead(Ljava/lang/Object;J)V name or signature does not match> (0x00000000eab07fa8) thrown at [C:\re\workspace\8-2-build-windows-amd64-cygwin\jdk8u91\6644\hotspot\src\share\vm\prims\j-Ø˜q!S
Event: 2.041 Thread 0x0000000016796800 Implicit null exception at 0x000000000281ed22 to 0x000000000281ee1a

Events (10 events):
Event: 2.129 Thread 0x0000000016691000 Thread exited: 0x0000000016691000
Event: 2.140 Thread 0x0000000016797000 Uncommon trap: trap_request=0xffffff65 fr.pc=0x0000000002836dac
Event: 2.140 Thread 0x0000000016797000 DEOPT PACKING pc=0x0000000002836dac sp=0x000000001701e980
Event: 2.140 Thread 0x0000000016797000 DEOPT UNPACKING pc=0x000000000252582a sp=0x000000001701e908 mode 2
Event: 2.140 Thread 0x0000000016797000 Uncommon trap: trap_request=0xffffff65 fr.pc=0x000000000289bde0
Event: 2.140 Thread 0x0000000016797000 DEOPT PACKING pc=0x000000000289bde0 sp=0x000000001701e970
Event: 2.140 Thread 0x0000000016797000 DEOPT UNPACKING pc=0x000000000252582a sp=0x000000001701e890 mode 2
Event: 2.143 Thread 0x0000000016797000 Uncommon trap: trap_request=0xffffffc6 fr.pc=0x00000000027f6dac
Event: 2.143 Thread 0x0000000016797000 DEOPT PACKING pc=0x00000000027f6dac sp=0x000000001701e9a0
Event: 2.143 Thread 0x0000000016797000 DEOPT UNPACKING pc=0x000000000252582a sp=0x000000001701e920 mode 2


Dynamic libraries:
0x00007ff6f32a0000 - 0x00007ff6f32d7000 	C:\Program Files\Java\jdk1.8.0_91\bin\java.exe
0x00007ffdfc770000 - 0x00007ffdfc932000 	C:\Windows\SYSTEM32\ntdll.dll
0x00007ffdfc6c0000 - 0x00007ffdfc76d000 	C:\Windows\system32\KERNEL32.DLL
0x00007ffdf9c60000 - 0x00007ffdf9e3d000 	C:\Windows\system32\KERNELBASE.dll
0x00007ffdf9e40000 - 0x00007ffdf9ee6000 	C:\Windows\system32\ADVAPI32.dll
0x00007ffdfab50000 - 0x00007ffdfabed000 	C:\Windows\system32\msvcrt.dll
0x00007ffdfaa70000 - 0x00007ffdfaacb000 	C:\Windows\system32\sechost.dll
0x00007ffdfa940000 - 0x00007ffdfaa66000 	C:\Windows\system32\RPCRT4.dll
0x00007ffdf9f00000 - 0x00007ffdfa04e000 	C:\Windows\system32\USER32.dll
0x00007ffdfa300000 - 0x00007ffdfa485000 	C:\Windows\system32\GDI32.dll
0x00007ffddcd70000 - 0x00007ffddcfe4000 	C:\Windows\WinSxS\amd64_microsoft.windows.common-controls_6595b64144ccf1df_6.0.10240.16384_none_f41f7b285750ef43\COMCTL32.dll
0x00007ffdfac60000 - 0x00007ffdfac96000 	C:\Windows\system32\IMM32.DLL
0x00007ffdfaca0000 - 0x00007ffdfadfc000 	C:\Windows\system32\MSCTF.dll
0x0000000076c30000 - 0x0000000076d02000 	C:\Program Files\Java\jdk1.8.0_91\jre\bin\msvcr100.dll
0x0000000075fb0000 - 0x0000000076843000 	C:\Program Files\Java\jdk1.8.0_91\jre\bin\server\jvm.dll
0x00007ffdf9ef0000 - 0x00007ffdf9ef8000 	C:\Windows\system32\PSAPI.DLL
0x00007ffdd2cc0000 - 0x00007ffdd2cc9000 	C:\Windows\SYSTEM32\WSOCK32.dll
0x00007ffdfaad0000 - 0x00007ffdfab39000 	C:\Windows\system32\WS2_32.dll
0x00007ffdfab40000 - 0x00007ffdfab48000 	C:\Windows\system32\NSI.dll
0x00007ffdf7410000 - 0x00007ffdf7433000 	C:\Windows\SYSTEM32\WINMM.dll
0x00007ffdf1320000 - 0x00007ffdf132a000 	C:\Windows\SYSTEM32\VERSION.dll
0x00007ffdf72e0000 - 0x00007ffdf730c000 	C:\Windows\SYSTEM32\WINMMBASE.dll
0x00007ffdf94d0000 - 0x00007ffdf9514000 	C:\Windows\system32\cfgmgr32.dll
0x00007ffdf7b10000 - 0x00007ffdf7b37000 	C:\Windows\SYSTEM32\DEVOBJ.dll
0x0000000075e80000 - 0x0000000075e8f000 	C:\Program Files\Java\jdk1.8.0_91\jre\bin\verify.dll
0x0000000075e50000 - 0x0000000075e79000 	C:\Program Files\Java\jdk1.8.0_91\jre\bin\java.dll
0x0000000075e30000 - 0x0000000075e46000 	C:\Program Files\Java\jdk1.8.0_91\jre\bin\zip.dll
0x00007ffdfaf20000 - 0x00007ffdfc443000 	C:\Windows\system32\SHELL32.dll
0x00007ffdf9630000 - 0x00007ffdf9c59000 	C:\Windows\system32\windows.storage.dll
0x00007ffdfa6c0000 - 0x00007ffdfa93c000 	C:\Windows\system32\combase.dll
0x00007ffdfc660000 - 0x00007ffdfc6b1000 	C:\Windows\system32\shlwapi.dll
0x00007ffdf91e0000 - 0x00007ffdf91ef000 	C:\Windows\system32\kernel.appcore.dll
0x00007ffdf9240000 - 0x00007ffdf92f3000 	C:\Windows\system32\shcore.dll
0x00007ffdf91f0000 - 0x00007ffdf923a000 	C:\Windows\system32\powrprof.dll
0x00007ffdf91c0000 - 0x00007ffdf91d3000 	C:\Windows\system32\profapi.dll

VM Arguments:
jvm_args: -Djava.awt.headless=true -Xmx1024M -Dfile.encoding=windows-1252 -Duser.country=MX -Duser.language=es -Duser.variant 
java_command: com.android.dx.command.Main --dex --force-jumbo --num-threads=4 --multi-dex --output C:\Users\JONATAN\Desktop\NuevaIOTMX\app\build\intermediates\transforms\dex\debug\folders\1000\10\com.android.support-support-vector-drawable-23.4.0_52d300e816b734f5c058ebb52087c42b5d0b3c38 C:\Users\JONATAN\Desktop\NuevaIOTMX\app\build\intermediates\exploded-aar\com.android.support\support-vector-drawable\23.4.0\jars\classes.jar
java_class_path (initial): C:\Users\JONATAN\AppData\Local\Android\sdk\build-tools\24.0.0\lib\dx.jar
Launcher Type: SUN_STANDARD

Environment Variables:
PATH=C:\Python27\;C:\Python27\Scripts;C:\ProgramData\Oracle\Java\javapath;C:\Windows\system32;C:\Windows;C:\Windows\System32\Wbem;C:\Windows\System32\WindowsPowerShell\v1.0\;C:\Program Files\Microsoft SQL Server\120\DTS\Binn\;C:\Program Files\Microsoft SQL Server\Client SDK\ODBC\110\Tools\Binn\;C:\Program Files (x86)\Microsoft SQL Server\120\Tools\Binn\;C:\Program Files\Microsoft SQL Server\120\Tools\Binn\;C:\Program Files (x86)\Microsoft SQL Server\120\Tools\Binn\ManagementStudio\;C:\Program Files (x86)\Microsoft SQL Server\120\DTS\Binn\;C:\Microsoft SQL Server Migration Assistant for MySQL\bin\;C:\Program Files (x86)\Nmap
USERNAME=JONATAN
OS=Windows_NT
PROCESSOR_IDENTIFIER=Intel64 Family 6 Model 69 Stepping 1, GenuineIntel



---------------  S Y S T E M  ---------------

OS: Windows 10.0 , 64 bit Build 10240 (10.0.10240.16384)

CPU:total 4 (2 cores per cpu, 2 threads per core) family 6 model 69 stepping 1, cmov, cx8, fxsr, mmx, sse, sse2, sse3, ssse3, sse4.1, sse4.2, popcnt, avx, avx2, aes, clmul, erms, lzcnt, ht, tsc, tscinvbit, bmi1, bmi2

Memory: 4k page, physical 6172120k(1473952k free), swap 6316116k(5120k free)

vm_info: Java HotSpot(TM) 64-Bit Server VM (25.91-b14) for windows-amd64 JRE (1.8.0_91-b14), built on Apr  1 2016 00:58:32 by "java_re" with MS VC++ 10.0 (VS2010)

time: Tue Sep 20 19:12:39 2016
elapsed time: 2 seconds (0d 0h 0m 2s)

