#
# There is insufficient memory for the Java Runtime Environment to continue.
# Native memory allocation (malloc) failed to allocate 665936 bytes for Chunk::new
# Possible reasons:
#   The system is out of physical RAM or swap space
#   In 32 bit mode, the process size limit was hit
# Possible solutions:
#   Reduce memory load on the system
#   Increase physical memory or swap space
#   Check if swap backing store is full
#   Use 64 bit Java on a 64 bit OS
#   Decrease Java heap size (-Xmx/-Xms)
#   Decrease number of Java threads
#   Decrease Java thread stack sizes (-Xss)
#   Set larger code cache with -XX:ReservedCodeCacheSize=
# This output file may be truncated or incomplete.
#
#  Out of Memory Error (allocation.cpp:390), pid=3728, tid=6912
#
# JRE version: Java(TM) SE Runtime Environment (8.0_91-b14) (build 1.8.0_91-b14)
# Java VM: Java HotSpot(TM) 64-Bit Server VM (25.91-b14 mixed mode windows-amd64 compressed oops)
# Failed to write core dump. Minidumps are not enabled by default on client versions of Windows
#

---------------  T H R E A D  ---------------

Current thread (0x0000000014a5c000):  JavaThread "C2 CompilerThread0" daemon [_thread_in_native, id=6912, stack(0x00000000160b0000,0x00000000161b0000)]

Stack: [0x00000000160b0000,0x00000000161b0000]
[error occurred during error reporting (printing stack bounds), id 0xc0000005]

Native frames: (J=compiled Java code, j=interpreted, Vv=VM code, C=native code)


Current CompileTask:
C2:  11727 2570       4       com.android.dx.dex.code.form.Form35c::writeTo (157 bytes)


---------------  P R O C E S S  ---------------

Java Threads: ( => current thread )
  0x0000000017a1f000 JavaThread "pool-1-thread-1" [_thread_in_vm, id=7956, stack(0x00000000171b0000,0x00000000172b0000)]
  0x0000000014ab7800 JavaThread "Service Thread" daemon [_thread_blocked, id=4640, stack(0x00000000167b0000,0x00000000168b0000)]
  0x00000000162b8800 JavaThread "C1 CompilerThread2" daemon [_thread_blocked, id=4448, stack(0x00000000166b0000,0x00000000167b0000)]
  0x0000000014ab1000 JavaThread "C2 CompilerThread1" daemon [_thread_in_native, id=3700, stack(0x00000000161b0000,0x00000000162b0000)]
=>0x0000000014a5c000 JavaThread "C2 CompilerThread0" daemon [_thread_in_native, id=6912, stack(0x00000000160b0000,0x00000000161b0000)]
  0x0000000014a5a800 JavaThread "Attach Listener" daemon [_thread_blocked, id=5688, stack(0x0000000015fb0000,0x00000000160b0000)]
  0x0000000014a59000 JavaThread "Signal Dispatcher" daemon [_thread_blocked, id=8024, stack(0x0000000015eb0000,0x0000000015fb0000)]
  0x0000000014a4a800 JavaThread "Finalizer" daemon [_thread_blocked, id=7760, stack(0x0000000015cb0000,0x0000000015db0000)]
  0x000000000237f000 JavaThread "Reference Handler" daemon [_thread_blocked, id=5092, stack(0x0000000015bb0000,0x0000000015cb0000)]
  0x0000000002290800 JavaThread "main" [_thread_blocked, id=8140, stack(0x0000000002110000,0x0000000002210000)]

Other Threads:
  0x0000000014a27800 VMThread [stack: 0x0000000015ab0000,0x0000000015bb0000] [id=5524]
  0x00000000162c8000 WatcherThread [stack: 0x00000000168b0000,0x00000000169b0000] [id=3784]

VM state:not at safepoint (normal execution)

VM Mutex/Monitor currently owned by a thread: None

Heap:
 PSYoungGen      total 212480K, used 31017K [0x00000000eab00000, 0x00000000f9800000, 0x0000000100000000)
  eden space 193024K, 6% used [0x00000000eab00000,0x00000000eb6cc038,0x00000000f6780000)
  from space 19456K, 97% used [0x00000000f7e00000,0x00000000f907e6d8,0x00000000f9100000)
  to   space 23040K, 0% used [0x00000000f6780000,0x00000000f6780000,0x00000000f7e00000)
 ParOldGen       total 65536K, used 31860K [0x00000000c0000000, 0x00000000c4000000, 0x00000000eab00000)
  object space 65536K, 48% used [0x00000000c0000000,0x00000000c1f1d2e8,0x00000000c4000000)
 Metaspace       used 7026K, capacity 7672K, committed 7936K, reserved 1056768K
  class space    used 648K, capacity 688K, committed 768K, reserved 1048576K

Card table byte_map: [0x0000000011750000,0x0000000011960000] byte_map_base: 0x0000000011150000

Marking Bits: (ParMarkBitMap*) 0x0000000051052f70
 Begin Bits: [0x0000000011ec0000, 0x0000000012ec0000)
 End Bits:   [0x0000000012ec0000, 0x0000000013ec0000)

Polling page: 0x00000000006b0000

CodeCache: size=245760Kb used=10811Kb max_used=10811Kb free=234948Kb
 bounds [0x0000000002390000, 0x0000000002e30000, 0x0000000011390000]
 total_blobs=2831 nmethods=2557 adapters=186
 compilation: enabled

Compilation events (10 events):
Event: 11.680 Thread 0x0000000014ab1000 nmethod 2564 0x0000000002e21e90 code [0x0000000002e21fe0, 0x0000000002e22198]
Event: 11.681 Thread 0x00000000162b8800 nmethod 2566 0x0000000002e25d90 code [0x0000000002e25f80, 0x0000000002e26948]
Event: 11.682 Thread 0x00000000162b8800 2567       3       com.android.dx.dex.code.InsnFormat::write (13 bytes)
Event: 11.682 Thread 0x00000000162b8800 nmethod 2567 0x0000000002e1e550 code [0x0000000002e1e6e0, 0x0000000002e1e9c8]
Event: 11.682 Thread 0x00000000162b8800 2568       3       com.android.dx.dex.code.form.Form3rc::writeTo (58 bytes)
Event: 11.683 Thread 0x00000000162b8800 nmethod 2568 0x0000000002e26d10 code [0x0000000002e26f80, 0x0000000002e282e8]
Event: 11.683 Thread 0x00000000162b8800 2569       3       com.android.dx.dex.code.form.Form22b::writeTo (54 bytes)
Event: 11.684 Thread 0x0000000014a5c000 2570       4       com.android.dx.dex.code.form.Form35c::writeTo (157 bytes)
Event: 11.684 Thread 0x00000000162b8800 nmethod 2569 0x0000000002e24990 code [0x0000000002e24ba0, 0x0000000002e258c8]
Event: 11.684 Thread 0x0000000014ab1000 2571       4       com.android.dx.dex.code.form.Form35c::explicitize (105 bytes)

GC Heap History (10 events):
Event: 5.786 GC heap before
{Heap before GC invocations=2 (full 0):
 PSYoungGen      total 28672K, used 28644K [0x00000000eab00000, 0x00000000ee300000, 0x0000000100000000)
  eden space 24576K, 100% used [0x00000000eab00000,0x00000000ec300000,0x00000000ec300000)
  from space 4096K, 99% used [0x00000000ec300000,0x00000000ec6f9258,0x00000000ec700000)
  to   space 4096K, 0% used [0x00000000edf00000,0x00000000edf00000,0x00000000ee300000)
 ParOldGen       total 65536K, used 772K [0x00000000c0000000, 0x00000000c4000000, 0x00000000eab00000)
  object space 65536K, 1% used [0x00000000c0000000,0x00000000c00c1068,0x00000000c4000000)
 Metaspace       used 6191K, capacity 7028K, committed 7296K, reserved 1056768K
  class space    used 605K, capacity 620K, committed 640K, reserved 1048576K
Event: 5.832 GC heap after
Heap after GC invocations=2 (full 0):
 PSYoungGen      total 53248K, used 4083K [0x00000000eab00000, 0x00000000ee300000, 0x0000000100000000)
  eden space 49152K, 0% used [0x00000000eab00000,0x00000000eab00000,0x00000000edb00000)
  from space 4096K, 99% used [0x00000000edf00000,0x00000000ee2fcc20,0x00000000ee300000)
  to   space 4096K, 0% used [0x00000000edb00000,0x00000000edb00000,0x00000000edf00000)
 ParOldGen       total 65536K, used 3828K [0x00000000c0000000, 0x00000000c4000000, 0x00000000eab00000)
  object space 65536K, 5% used [0x00000000c0000000,0x00000000c03bd2b0,0x00000000c4000000)
 Metaspace       used 6191K, capacity 7028K, committed 7296K, reserved 1056768K
  class space    used 605K, capacity 620K, committed 640K, reserved 1048576K
}
Event: 6.295 GC heap before
{Heap before GC invocations=3 (full 0):
 PSYoungGen      total 53248K, used 53235K [0x00000000eab00000, 0x00000000ee300000, 0x0000000100000000)
  eden space 49152K, 100% used [0x00000000eab00000,0x00000000edb00000,0x00000000edb00000)
  from space 4096K, 99% used [0x00000000edf00000,0x00000000ee2fcc20,0x00000000ee300000)
  to   space 4096K, 0% used [0x00000000edb00000,0x00000000edb00000,0x00000000edf00000)
 ParOldGen       total 65536K, used 3828K [0x00000000c0000000, 0x00000000c4000000, 0x00000000eab00000)
  object space 65536K, 5% used [0x00000000c0000000,0x00000000c03bd2b0,0x00000000c4000000)
 Metaspace       used 6307K, capacity 7092K, committed 7296K, reserved 1056768K
  class space    used 605K, capacity 620K, committed 640K, reserved 1048576K
Event: 6.322 GC heap after
Heap after GC invocations=3 (full 0):
 PSYoungGen      total 53248K, used 4086K [0x00000000eab00000, 0x00000000f1300000, 0x0000000100000000)
  eden space 49152K, 0% used [0x00000000eab00000,0x00000000eab00000,0x00000000edb00000)
  from space 4096K, 99% used [0x00000000edb00000,0x00000000edefda38,0x00000000edf00000)
  to   space 4096K, 0% used [0x00000000f0f00000,0x00000000f0f00000,0x00000000f1300000)
 ParOldGen       total 65536K, used 10779K [0x00000000c0000000, 0x00000000c4000000, 0x00000000eab00000)
  object space 65536K, 16% used [0x00000000c0000000,0x00000000c0a86e20,0x00000000c4000000)
 Metaspace       used 6307K, capacity 7092K, committed 7296K, reserved 1056768K
  class space    used 605K, capacity 620K, committed 640K, reserved 1048576K
}
Event: 6.690 GC heap before
{Heap before GC invocations=4 (full 0):
 PSYoungGen      total 53248K, used 53238K [0x00000000eab00000, 0x00000000f1300000, 0x0000000100000000)
  eden space 49152K, 100% used [0x00000000eab00000,0x00000000edb00000,0x00000000edb00000)
  from space 4096K, 99% used [0x00000000edb00000,0x00000000edefda38,0x00000000edf00000)
  to   space 4096K, 0% used [0x00000000f0f00000,0x00000000f0f00000,0x00000000f1300000)
 ParOldGen       total 65536K, used 10779K [0x00000000c0000000, 0x00000000c4000000, 0x00000000eab00000)
  object space 65536K, 16% used [0x00000000c0000000,0x00000000c0a86e20,0x00000000c4000000)
 Metaspace       used 6353K, capacity 7156K, committed 7296K, reserved 1056768K
  class space    used 606K, capacity 620K, committed 640K, reserved 1048576K
Event: 6.743 GC heap after
Heap after GC invocations=4 (full 0):
 PSYoungGen      total 102400K, used 4086K [0x00000000eab00000, 0x00000000f1300000, 0x0000000100000000)
  eden space 98304K, 0% used [0x00000000eab00000,0x00000000eab00000,0x00000000f0b00000)
  from space 4096K, 99% used [0x00000000f0f00000,0x00000000f12fd9d0,0x00000000f1300000)
  to   space 4096K, 0% used [0x00000000f0b00000,0x00000000f0b00000,0x00000000f0f00000)
 ParOldGen       total 65536K, used 18613K [0x00000000c0000000, 0x00000000c4000000, 0x00000000eab00000)
  object space 65536K, 28% used [0x00000000c0000000,0x00000000c122d788,0x00000000c4000000)
 Metaspace       used 6353K, capacity 7156K, committed 7296K, reserved 1056768K
  class space    used 606K, capacity 620K, committed 640K, reserved 1048576K
}
Event: 7.383 GC heap before
{Heap before GC invocations=5 (full 0):
 PSYoungGen      total 102400K, used 102390K [0x00000000eab00000, 0x00000000f1300000, 0x0000000100000000)
  eden space 98304K, 100% used [0x00000000eab00000,0x00000000f0b00000,0x00000000f0b00000)
  from space 4096K, 99% used [0x00000000f0f00000,0x00000000f12fd9d0,0x00000000f1300000)
  to   space 4096K, 0% used [0x00000000f0b00000,0x00000000f0b00000,0x00000000f0f00000)
 ParOldGen       total 65536K, used 18613K [0x00000000c0000000, 0x00000000c4000000, 0x00000000eab00000)
  object space 65536K, 28% used [0x00000000c0000000,0x00000000c122d788,0x00000000c4000000)
 Metaspace       used 6494K, capacity 7192K, committed 7424K, reserved 1056768K
  class space    used 626K, capacity 656K, committed 768K, reserved 1048576K
Event: 7.456 GC heap after
Heap after GC invocations=5 (full 0):
 PSYoungGen      total 102400K, used 4078K [0x00000000eab00000, 0x00000000f9100000, 0x0000000100000000)
  eden space 98304K, 0% used [0x00000000eab00000,0x00000000eab00000,0x00000000f0b00000)
  from space 4096K, 99% used [0x00000000f0b00000,0x00000000f0efb820,0x00000000f0f00000)
  to   space 19456K, 0% used [0x00000000f7e00000,0x00000000f7e00000,0x00000000f9100000)
 ParOldGen       total 65536K, used 31860K [0x00000000c0000000, 0x00000000c4000000, 0x00000000eab00000)
  object space 65536K, 48% used [0x00000000c0000000,0x00000000c1f1d2e8,0x00000000c4000000)
 Metaspace       used 6494K, capacity 7192K, committed 7424K, reserved 1056768K
  class space    used 626K, capacity 656K, committed 768K, reserved 1048576K
}
Event: 9.212 GC heap before
{Heap before GC invocations=6 (full 0):
 PSYoungGen      total 102400K, used 102382K [0x00000000eab00000, 0x00000000f9100000, 0x0000000100000000)
  eden space 98304K, 100% used [0x00000000eab00000,0x00000000f0b00000,0x00000000f0b00000)
  from space 4096K, 99% used [0x00000000f0b00000,0x00000000f0efb820,0x00000000f0f00000)
  to   space 19456K, 0% used [0x00000000f7e00000,0x00000000f7e00000,0x00000000f9100000)
 ParOldGen       total 65536K, used 31860K [0x00000000c0000000, 0x00000000c4000000, 0x00000000eab00000)
  object space 65536K, 48% used [0x00000000c0000000,0x00000000c1f1d2e8,0x00000000c4000000)
 Metaspace       used 6855K, capacity 7480K, committed 7680K, reserved 1056768K
  class space    used 644K, capacity 688K, committed 768K, reserved 1048576K
Event: 9.350 GC heap after
Heap after GC invocations=6 (full 0):
 PSYoungGen      total 212480K, used 18937K [0x00000000eab00000, 0x00000000f9800000, 0x0000000100000000)
  eden space 193024K, 0% used [0x00000000eab00000,0x00000000eab00000,0x00000000f6780000)
  from space 19456K, 97% used [0x00000000f7e00000,0x00000000f907e6d8,0x00000000f9100000)
  to   space 23040K, 0% used [0x00000000f6780000,0x00000000f6780000,0x00000000f7e00000)
 ParOldGen       total 65536K, used 31860K [0x00000000c0000000, 0x00000000c4000000, 0x00000000eab00000)
  object space 65536K, 48% used [0x00000000c0000000,0x00000000c1f1d2e8,0x00000000c4000000)
 Metaspace       used 6855K, capacity 7480K, committed 7680K, reserved 1056768K
  class space    used 644K, capacity 688K, committed 768K, reserved 1048576K
}

Deoptimization events (10 events):
Event: 8.199 Thread 0x0000000017a1f000 Uncommon trap: reason=class_check action=maybe_recompile pc=0x0000000002854cc8 method=java.util.Arrays.hashCode([Ljava/lang/Object;)I @ 43
Event: 8.199 Thread 0x0000000017a1f000 Uncommon trap: reason=class_check action=maybe_recompile pc=0x00000000028429b4 method=java.util.Arrays.hashCode([Ljava/lang/Object;)I @ 43
Event: 8.742 Thread 0x0000000017a1f000 Uncommon trap: reason=speculate_class_check action=maybe_recompile pc=0x00000000026ea2c0 method=com.android.dx.util.FixedSizeList.equals(Ljava/lang/Object;)Z @ 25
Event: 8.742 Thread 0x0000000017a1f000 Uncommon trap: reason=unstable_if action=reinterpret pc=0x00000000026dd284 method=java.util.Arrays.equals([Ljava/lang/Object;[Ljava/lang/Object;)Z @ 23
Event: 8.766 Thread 0x0000000017a1f000 Uncommon trap: reason=speculate_class_check action=maybe_recompile pc=0x00000000026ea2c0 method=com.android.dx.util.FixedSizeList.equals(Ljava/lang/Object;)Z @ 25
Event: 8.766 Thread 0x0000000017a1f000 Uncommon trap: reason=speculate_class_check action=maybe_recompile pc=0x00000000026ea2c0 method=com.android.dx.util.FixedSizeList.equals(Ljava/lang/Object;)Z @ 25
Event: 8.766 Thread 0x0000000017a1f000 Uncommon trap: reason=speculate_class_check action=maybe_recompile pc=0x00000000026ea2c0 method=com.android.dx.util.FixedSizeList.equals(Ljava/lang/Object;)Z @ 25
Event: 9.563 Thread 0x0000000017a1f000 Uncommon trap: reason=unstable_if action=reinterpret pc=0x0000000002c5a4fc method=com.android.dx.rop.code.RegisterSpec.equalsUsingSimpleType(Lcom/android/dx/rop/code/RegisterSpec;)Z @ 5
Event: 10.966 Thread 0x0000000017a1f000 Uncommon trap: reason=unstable_if action=reinterpret pc=0x0000000002c9f3a4 method=java.util.ArrayList.<init>(I)V @ 5
Event: 11.365 Thread 0x0000000017a1f000 Uncommon trap: reason=unstable_if action=reinterpret pc=0x0000000002d546c4 method=com.android.dx.util.ByteArrayAnnotatedOutput.writeByte(I)V @ 13

Internal exceptions (5 events):
Event: 0.771 Thread 0x0000000002290800 Exception <a 'java/lang/NoSuchMethodError': Method sun.misc.Unsafe.defineClass(Ljava/lang/String;[BII)Ljava/lang/Class; name or signature does not match> (0x00000000eab07cc0) thrown at [C:\re\workspace\8-2-build-windows-amd64-cygwin\jdk8u91\6644\hotspot\sr€a=õ¯è?
Event: 0.771 Thread 0x0000000002290800 Exception <a 'java/lang/NoSuchMethodError': Method sun.misc.Unsafe.prefetchRead(Ljava/lang/Object;J)V name or signature does not match> (0x00000000eab07fa8) thrown at [C:\re\workspace\8-2-build-windows-amd64-cygwin\jdk8u91\6644\hotspot\src\share\vm\prims\jSÈx¯
Event: 6.922 Thread 0x00000000165a8800 Exception <a 'java/lang/ArrayIndexOutOfBoundsException': 18> (0x00000000ec9bb2d0) thrown at [C:\re\workspace\8-2-build-windows-amd64-cygwin\jdk8u91\6644\hotspot\src\share\vm\interpreter\interpreterRuntime.cpp, line 366]
Event: 6.923 Thread 0x00000000165a8800 Exception <a 'java/lang/ArrayIndexOutOfBoundsException'> (0x00000000ec9bce50) thrown at [C:\re\workspace\8-2-build-windows-amd64-cygwin\jdk8u91\6644\hotspot\src\share\vm\runtime\sharedRuntime.cpp, line 605]
Event: 6.924 Thread 0x00000000165a8800 Exception <a 'java/lang/ArrayIndexOutOfBoundsException'> (0x00000000ec9be138) thrown at [C:\re\workspace\8-2-build-windows-amd64-cygwin\jdk8u91\6644\hotspot\src\share\vm\runtime\sharedRuntime.cpp, line 605]

Events (10 events):
Event: 11.365 Thread 0x0000000017a1f000 DEOPT PACKING pc=0x0000000002d546c4 sp=0x00000000172aef90
Event: 11.365 Thread 0x0000000017a1f000 DEOPT UNPACKING pc=0x00000000023d582a sp=0x00000000172aef48 mode 2
Event: 11.660 Thread 0x0000000017a1f000 DEOPT PACKING pc=0x0000000002dd37ca sp=0x00000000172aed70
Event: 11.660 Thread 0x0000000017a1f000 DEOPT UNPACKING pc=0x00000000023d787f sp=0x00000000172aea90 mode 0
Event: 11.667 Thread 0x0000000017a1f000 DEOPT PACKING pc=0x0000000002df13ff sp=0x00000000172aec10
Event: 11.667 Thread 0x0000000017a1f000 DEOPT UNPACKING pc=0x00000000023d787f sp=0x00000000172ae9e8 mode 0
Event: 11.670 Thread 0x0000000017a1f000 DEOPT PACKING pc=0x0000000002df13ff sp=0x00000000172aec10
Event: 11.670 Thread 0x0000000017a1f000 DEOPT UNPACKING pc=0x00000000023d787f sp=0x00000000172ae9e8 mode 0
Event: 11.671 Thread 0x0000000017a1f000 DEOPT PACKING pc=0x0000000002df13ff sp=0x00000000172aec10
Event: 11.671 Thread 0x0000000017a1f000 DEOPT UNPACKING pc=0x00000000023d787f sp=0x00000000172ae9e8 mode 0


Dynamic libraries:
0x00007ff7ef3d0000 - 0x00007ff7ef407000 	C:\Program Files\Java\jdk1.8.0_91\bin\java.exe
0x00007ffc07fa0000 - 0x00007ffc08162000 	C:\Windows\SYSTEM32\ntdll.dll
0x00007ffc05800000 - 0x00007ffc058ad000 	C:\Windows\system32\KERNEL32.DLL
0x00007ffc052c0000 - 0x00007ffc0549d000 	C:\Windows\system32\KERNELBASE.dll
0x00007ffc058b0000 - 0x00007ffc05956000 	C:\Windows\system32\ADVAPI32.dll
0x00007ffc076c0000 - 0x00007ffc0775d000 	C:\Windows\system32\msvcrt.dll
0x00007ffc05720000 - 0x00007ffc0577b000 	C:\Windows\system32\sechost.dll
0x00007ffc05fa0000 - 0x00007ffc060c6000 	C:\Windows\system32\RPCRT4.dll
0x00007ffc07a10000 - 0x00007ffc07b5e000 	C:\Windows\system32\USER32.dll
0x00007ffc07760000 - 0x00007ffc078e5000 	C:\Windows\system32\GDI32.dll
0x00007ffbec440000 - 0x00007ffbec6b4000 	C:\Windows\WinSxS\amd64_microsoft.windows.common-controls_6595b64144ccf1df_6.0.10240.16384_none_f41f7b285750ef43\COMCTL32.dll
0x00007ffc07b80000 - 0x00007ffc07bb6000 	C:\Windows\system32\IMM32.DLL
0x00007ffc05960000 - 0x00007ffc05abc000 	C:\Windows\system32\MSCTF.dll
0x0000000050760000 - 0x0000000050832000 	C:\Program Files\Java\jdk1.8.0_91\jre\bin\msvcr100.dll
0x0000000050840000 - 0x00000000510d3000 	C:\Program Files\Java\jdk1.8.0_91\jre\bin\server\jvm.dll
0x00007ffc05ba0000 - 0x00007ffc05ba8000 	C:\Windows\system32\PSAPI.DLL
0x00007ffbdeeb0000 - 0x00007ffbdeeb9000 	C:\Windows\SYSTEM32\WSOCK32.dll
0x00007ffc05f30000 - 0x00007ffc05f99000 	C:\Windows\system32\WS2_32.dll
0x00007ffc057f0000 - 0x00007ffc057f8000 	C:\Windows\system32\NSI.dll
0x00007ffc02c50000 - 0x00007ffc02c73000 	C:\Windows\SYSTEM32\WINMM.dll
0x00007ffbfc7f0000 - 0x00007ffbfc7fa000 	C:\Windows\SYSTEM32\VERSION.dll
0x00007ffc02b50000 - 0x00007ffc02b7c000 	C:\Windows\SYSTEM32\WINMMBASE.dll
0x00007ffc04b30000 - 0x00007ffc04b74000 	C:\Windows\system32\cfgmgr32.dll
0x00007ffc03340000 - 0x00007ffc03367000 	C:\Windows\SYSTEM32\DEVOBJ.dll
0x0000000050710000 - 0x000000005071f000 	C:\Program Files\Java\jdk1.8.0_91\jre\bin\verify.dll
0x00000000506e0000 - 0x0000000050709000 	C:\Program Files\Java\jdk1.8.0_91\jre\bin\java.dll
0x00000000506c0000 - 0x00000000506d6000 	C:\Program Files\Java\jdk1.8.0_91\jre\bin\zip.dll
0x00007ffc060d0000 - 0x00007ffc075f3000 	C:\Windows\system32\SHELL32.dll
0x00007ffc04c30000 - 0x00007ffc05259000 	C:\Windows\system32\windows.storage.dll
0x00007ffc07bd0000 - 0x00007ffc07e4c000 	C:\Windows\system32\combase.dll
0x00007ffc078f0000 - 0x00007ffc07941000 	C:\Windows\system32\shlwapi.dll
0x00007ffc04a40000 - 0x00007ffc04a4f000 	C:\Windows\system32\kernel.appcore.dll
0x00007ffc04a70000 - 0x00007ffc04b23000 	C:\Windows\system32\shcore.dll
0x00007ffc049f0000 - 0x00007ffc04a3a000 	C:\Windows\system32\powrprof.dll
0x00007ffc049d0000 - 0x00007ffc049e3000 	C:\Windows\system32\profapi.dll

VM Arguments:
jvm_args: -Djava.awt.headless=true -Xmx1024M -Dfile.encoding=windows-1252 -Duser.country=MX -Duser.language=es -Duser.variant 
java_command: com.android.dx.command.Main --dex --force-jumbo --num-threads=4 --multi-dex --output C:\Users\JONATAN\Desktop\NuevaIOTMX\app\build\intermediates\transforms\dex\debug\folders\1000\10\com.android.support-appcompat-v7-23.4.0_5200fb5c188579b99f4919d6bb689ce4e4a6799f C:\Users\JONATAN\Desktop\NuevaIOTMX\app\build\intermediates\exploded-aar\com.android.support\appcompat-v7\23.4.0\jars\classes.jar
java_class_path (initial): C:\Users\JONATAN\AppData\Local\Android\sdk\build-tools\24.0.0\lib\dx.jar
Launcher Type: SUN_STANDARD

Environment Variables:
PATH=C:\Python27\;C:\Python27\Scripts;C:\ProgramData\Oracle\Java\javapath;C:\Windows\system32;C:\Windows;C:\Windows\System32\Wbem;C:\Windows\System32\WindowsPowerShell\v1.0\;C:\Program Files\Microsoft SQL Server\120\DTS\Binn\;C:\Program Files\Microsoft SQL Server\Client SDK\ODBC\110\Tools\Binn\;C:\Program Files (x86)\Microsoft SQL Server\120\Tools\Binn\;C:\Program Files\Microsoft SQL Server\120\Tools\Binn\;C:\Program Files (x86)\Microsoft SQL Server\120\Tools\Binn\ManagementStudio\;C:\Program Files (x86)\Microsoft SQL Server\120\DTS\Binn\;C:\Microsoft SQL Server Migration Assistant for MySQL\bin\;C:\Program Files (x86)\Nmap
USERNAME=JONATAN
OS=Windows_NT
PROCESSOR_IDENTIFIER=Intel64 Family 6 Model 69 Stepping 1, GenuineIntel



---------------  S Y S T E M  ---------------

OS: Windows 10.0 , 64 bit Build 10240 (10.0.10240.16384)

CPU:total 4 (2 cores per cpu, 2 threads per core) family 6 model 69 stepping 1, cmov, cx8, fxsr, mmx, sse, sse2, sse3, ssse3, sse4.1, sse4.2, popcnt, avx, avx2, aes, clmul, erms, lzcnt, ht, tsc, tscinvbit, bmi1, bmi2

Memory: 4k page, physical 6172120k(1422044k free), swap 7207176k(5380k free)

vm_info: Java HotSpot(TM) 64-Bit Server VM (25.91-b14) for windows-amd64 JRE (1.8.0_91-b14), built on Apr  1 2016 00:58:32 by "java_re" with MS VC++ 10.0 (VS2010)

time: Mon Sep 19 18:43:34 2016
elapsed time: 11 seconds (0d 0h 0m 11s)

