#
# There is insufficient memory for the Java Runtime Environment to continue.
# Native memory allocation (malloc) failed to allocate 761296 bytes for Chunk::new
# Possible reasons:
#   The system is out of physical RAM or swap space
#   In 32 bit mode, the process size limit was hit
# Possible solutions:
#   Reduce memory load on the system
#   Increase physical memory or swap space
#   Check if swap backing store is full
#   Use 64 bit Java on a 64 bit OS
#   Decrease Java heap size (-Xmx/-Xms)
#   Decrease number of Java threads
#   Decrease Java thread stack sizes (-Xss)
#   Set larger code cache with -XX:ReservedCodeCacheSize=
# This output file may be truncated or incomplete.
#
#  Out of Memory Error (allocation.cpp:390), pid=5456, tid=7980
#
# JRE version: Java(TM) SE Runtime Environment (8.0_91-b14) (build 1.8.0_91-b14)
# Java VM: Java HotSpot(TM) 64-Bit Server VM (25.91-b14 mixed mode windows-amd64 compressed oops)
# Failed to write core dump. Minidumps are not enabled by default on client versions of Windows
#

---------------  T H R E A D  ---------------

Current thread (0x00000000156cc800):  JavaThread "C2 CompilerThread0" daemon [_thread_in_native, id=7980, stack(0x0000000016d20000,0x0000000016e20000)]

Stack: [0x0000000016d20000,0x0000000016e20000]
[error occurred during error reporting (printing stack bounds), id 0xc0000005]

Native frames: (J=compiled Java code, j=interpreted, Vv=VM code, C=native code)


Current CompileTask:
C2:   5002 1106       4       com.android.dx.ssa.SsaBasicBlock::newFromRop (183 bytes)


---------------  P R O C E S S  ---------------

Java Threads: ( => current thread )
  0x0000000017187800 JavaThread "pool-2-thread-4" [_thread_in_Java, id=8072, stack(0x0000000018220000,0x0000000018320000)]
  0x000000001715f000 JavaThread "pool-2-thread-3" [_thread_in_Java, id=1816, stack(0x0000000017920000,0x0000000017a20000)]
  0x000000001715e000 JavaThread "pool-2-thread-2" [_thread_blocked, id=4896, stack(0x0000000017820000,0x0000000017920000)]
  0x0000000017046000 JavaThread "pool-3-thread-1" [_thread_blocked, id=5928, stack(0x0000000017720000,0x0000000017820000)]
  0x0000000017062000 JavaThread "pool-2-thread-1" [_thread_in_Java, id=7388, stack(0x0000000017620000,0x0000000017720000)]
  0x0000000016f26000 JavaThread "Service Thread" daemon [_thread_blocked, id=7156, stack(0x0000000017420000,0x0000000017520000)]
  0x0000000016f20800 JavaThread "C1 CompilerThread2" daemon [_thread_blocked, id=6592, stack(0x0000000017320000,0x0000000017420000)]
  0x000000001572a000 JavaThread "C2 CompilerThread1" daemon [_thread_in_native, id=3960, stack(0x0000000016e20000,0x0000000016f20000)]
=>0x00000000156cc800 JavaThread "C2 CompilerThread0" daemon [_thread_in_native, id=7980, stack(0x0000000016d20000,0x0000000016e20000)]
  0x00000000156cb800 JavaThread "Attach Listener" daemon [_thread_blocked, id=4860, stack(0x0000000016c20000,0x0000000016d20000)]
  0x00000000156ca000 JavaThread "Signal Dispatcher" daemon [_thread_blocked, id=3064, stack(0x0000000016b20000,0x0000000016c20000)]
  0x00000000156ba800 JavaThread "Finalizer" daemon [_thread_blocked, id=4424, stack(0x0000000016920000,0x0000000016a20000)]
  0x0000000002fef000 JavaThread "Reference Handler" daemon [_thread_blocked, id=8096, stack(0x0000000016820000,0x0000000016920000)]
  0x0000000002f00800 JavaThread "main" [_thread_in_Java, id=4832, stack(0x0000000002d00000,0x0000000002e00000)]

Other Threads:
  0x0000000015697800 VMThread [stack: 0x0000000016720000,0x0000000016820000] [id=7260]
  0x0000000016f34000 WatcherThread [stack: 0x0000000017520000,0x0000000017620000] [id=7732]

VM state:not at safepoint (normal execution)

VM Mutex/Monitor currently owned by a thread: None

Heap:
 PSYoungGen      total 28672K, used 20183K [0x00000000eab00000, 0x00000000ee300000, 0x0000000100000000)
  eden space 24576K, 65% used [0x00000000eab00000,0x00000000ebabb9e0,0x00000000ec300000)
  from space 4096K, 99% used [0x00000000ec300000,0x00000000ec6fa270,0x00000000ec700000)
  to   space 4096K, 0% used [0x00000000edf00000,0x00000000edf00000,0x00000000ee300000)
 ParOldGen       total 65536K, used 28928K [0x00000000c0000000, 0x00000000c4000000, 0x00000000eab00000)
  object space 65536K, 44% used [0x00000000c0000000,0x00000000c1c40280,0x00000000c4000000)
 Metaspace       used 5740K, capacity 6832K, committed 7040K, reserved 1056768K
  class space    used 586K, capacity 616K, committed 640K, reserved 1048576K

Card table byte_map: [0x00000000123c0000,0x00000000125d0000] byte_map_base: 0x0000000011dc0000

Marking Bits: (ParMarkBitMap*) 0x0000000051052f70
 Begin Bits: [0x0000000012b30000, 0x0000000013b30000)
 End Bits:   [0x0000000013b30000, 0x0000000014b30000)

Polling page: 0x0000000001450000

CodeCache: size=245760Kb used=4890Kb max_used=4890Kb free=240870Kb
 bounds [0x0000000003000000, 0x00000000034d0000, 0x0000000012000000]
 total_blobs=1369 nmethods=1107 adapters=175
 compilation: enabled

Compilation events (10 events):
Event: 4.850 Thread 0x0000000016f20800 1127 %     3       com.android.dx.ssa.Dominators::run @ 283 (506 bytes)
Event: 4.857 Thread 0x0000000016f20800 nmethod 1127% 0x00000000034a8b90 code [0x00000000034a91a0, 0x00000000034ad4d8]
Event: 4.858 Thread 0x0000000016f20800 1128 %     3       com.android.dx.ssa.Dominators::run @ 403 (506 bytes)
Event: 4.864 Thread 0x0000000016f20800 nmethod 1128% 0x00000000034b0f50 code [0x00000000034b1560, 0x00000000034b57d8]
Event: 4.864 Thread 0x0000000016f20800 1129 %     3       com.android.dx.ssa.SsaConverter::placePhiFunctions @ 264 (394 bytes)
Event: 4.869 Thread 0x0000000016f20800 nmethod 1129% 0x00000000034b9190 code [0x00000000034b9740, 0x00000000034bcff8]
Event: 4.869 Thread 0x0000000016f20800 1130       3       com.android.dx.ssa.Dominators::run (506 bytes)
Event: 4.875 Thread 0x0000000016f20800 nmethod 1130 0x00000000034c0810 code [0x00000000034c0e00, 0x00000000034c4ff8]
Event: 4.881 Thread 0x0000000016f20800 1131 %     3       com.android.dx.ssa.SsaConverter::placePhiFunctions @ 103 (394 bytes)
Event: 4.886 Thread 0x0000000016f20800 nmethod 1131% 0x00000000034c8990 code [0x00000000034c8f40, 0x00000000034cc678]

GC Heap History (6 events):
Event: 3.988 GC heap before
{Heap before GC invocations=1 (full 0):
 PSYoungGen      total 28672K, used 24576K [0x00000000eab00000, 0x00000000ecb00000, 0x0000000100000000)
  eden space 24576K, 100% used [0x00000000eab00000,0x00000000ec300000,0x00000000ec300000)
  from space 4096K, 0% used [0x00000000ec700000,0x00000000ec700000,0x00000000ecb00000)
  to   space 4096K, 0% used [0x00000000ec300000,0x00000000ec300000,0x00000000ec700000)
 ParOldGen       total 65536K, used 0K [0x00000000c0000000, 0x00000000c4000000, 0x00000000eab00000)
  object space 65536K, 0% used [0x00000000c0000000,0x00000000c0000000,0x00000000c4000000)
 Metaspace       used 5681K, capacity 6832K, committed 7040K, reserved 1056768K
  class space    used 583K, capacity 616K, committed 640K, reserved 1048576K
Event: 4.000 GC heap after
Heap after GC invocations=1 (full 0):
 PSYoungGen      total 28672K, used 4072K [0x00000000eab00000, 0x00000000ecb00000, 0x0000000100000000)
  eden space 24576K, 0% used [0x00000000eab00000,0x00000000eab00000,0x00000000ec300000)
  from space 4096K, 99% used [0x00000000ec300000,0x00000000ec6fa120,0x00000000ec700000)
  to   space 4096K, 0% used [0x00000000ec700000,0x00000000ec700000,0x00000000ecb00000)
 ParOldGen       total 65536K, used 3143K [0x00000000c0000000, 0x00000000c4000000, 0x00000000eab00000)
  object space 65536K, 4% used [0x00000000c0000000,0x00000000c0311ca0,0x00000000c4000000)
 Metaspace       used 5681K, capacity 6832K, committed 7040K, reserved 1056768K
  class space    used 583K, capacity 616K, committed 640K, reserved 1048576K
}
Event: 4.420 GC heap before
{Heap before GC invocations=2 (full 0):
 PSYoungGen      total 28672K, used 28648K [0x00000000eab00000, 0x00000000ecb00000, 0x0000000100000000)
  eden space 24576K, 100% used [0x00000000eab00000,0x00000000ec300000,0x00000000ec300000)
  from space 4096K, 99% used [0x00000000ec300000,0x00000000ec6fa120,0x00000000ec700000)
  to   space 4096K, 0% used [0x00000000ec700000,0x00000000ec700000,0x00000000ecb00000)
 ParOldGen       total 65536K, used 3143K [0x00000000c0000000, 0x00000000c4000000, 0x00000000eab00000)
  object space 65536K, 4% used [0x00000000c0000000,0x00000000c0311ca0,0x00000000c4000000)
 Metaspace       used 5721K, capacity 6832K, committed 7040K, reserved 1056768K
  class space    used 585K, capacity 616K, committed 640K, reserved 1048576K
Event: 4.556 GC heap after
Heap after GC invocations=2 (full 0):
 PSYoungGen      total 28672K, used 4072K [0x00000000eab00000, 0x00000000ee300000, 0x0000000100000000)
  eden space 24576K, 0% used [0x00000000eab00000,0x00000000eab00000,0x00000000ec300000)
  from space 4096K, 99% used [0x00000000ec700000,0x00000000ecafa270,0x00000000ecb00000)
  to   space 4096K, 0% used [0x00000000ec300000,0x00000000ec300000,0x00000000ec700000)
 ParOldGen       total 65536K, used 15603K [0x00000000c0000000, 0x00000000c4000000, 0x00000000eab00000)
  object space 65536K, 23% used [0x00000000c0000000,0x00000000c0f3cc88,0x00000000c4000000)
 Metaspace       used 5721K, capacity 6832K, committed 7040K, reserved 1056768K
  class space    used 585K, capacity 616K, committed 640K, reserved 1048576K
}
Event: 4.674 GC heap before
{Heap before GC invocations=3 (full 0):
 PSYoungGen      total 28672K, used 28648K [0x00000000eab00000, 0x00000000ee300000, 0x0000000100000000)
  eden space 24576K, 100% used [0x00000000eab00000,0x00000000ec300000,0x00000000ec300000)
  from space 4096K, 99% used [0x00000000ec700000,0x00000000ecafa270,0x00000000ecb00000)
  to   space 4096K, 0% used [0x00000000ec300000,0x00000000ec300000,0x00000000ec700000)
 ParOldGen       total 65536K, used 15603K [0x00000000c0000000, 0x00000000c4000000, 0x00000000eab00000)
  object space 65536K, 23% used [0x00000000c0000000,0x00000000c0f3cc88,0x00000000c4000000)
 Metaspace       used 5729K, capacity 6832K, committed 7040K, reserved 1056768K
  class space    used 586K, capacity 616K, committed 640K, reserved 1048576K
Event: 4.765 GC heap after
Heap after GC invocations=3 (full 0):
 PSYoungGen      total 28672K, used 4072K [0x00000000eab00000, 0x00000000ee300000, 0x0000000100000000)
  eden space 24576K, 0% used [0x00000000eab00000,0x00000000eab00000,0x00000000ec300000)
  from space 4096K, 99% used [0x00000000ec300000,0x00000000ec6fa270,0x00000000ec700000)
  to   space 4096K, 0% used [0x00000000edf00000,0x00000000edf00000,0x00000000ee300000)
 ParOldGen       total 65536K, used 28928K [0x00000000c0000000, 0x00000000c4000000, 0x00000000eab00000)
  object space 65536K, 44% used [0x00000000c0000000,0x00000000c1c40280,0x00000000c4000000)
 Metaspace       used 5729K, capacity 6832K, committed 7040K, reserved 1056768K
  class space    used 586K, capacity 616K, committed 640K, reserved 1048576K
}

Deoptimization events (10 events):
Event: 3.500 Thread 0x000000001715f000 Uncommon trap: reason=null_check action=make_not_entrant pc=0x00000000033076bc method=com.android.dx.ssa.SsaRenamer.getLocalForNewReg(I)Lcom/android/dx/rop/code/LocalItem; @ 19
Event: 3.500 Thread 0x000000001715f000 Uncommon trap: reason=null_check action=make_not_entrant pc=0x00000000032f8fbc method=com.android.dx.ssa.SsaRenamer.getLocalForNewReg(I)Lcom/android/dx/rop/code/LocalItem; @ 19
Event: 3.503 Thread 0x000000001715f000 Uncommon trap: reason=unstable_if action=reinterpret pc=0x000000000334e47c method=com.android.dx.rop.code.RegisterSpec.equals(ILcom/android/dx/rop/type/TypeBearer;Lcom/android/dx/rop/code/LocalItem;)Z @ 16
Event: 3.503 Thread 0x000000001715f000 Uncommon trap: reason=unstable_if action=reinterpret pc=0x00000000032df0e4 method=com.android.dx.rop.code.RegisterSpec.equals(ILcom/android/dx/rop/type/TypeBearer;Lcom/android/dx/rop/code/LocalItem;)Z @ 16
Event: 3.503 Thread 0x000000001715f000 Uncommon trap: reason=unstable_if action=reinterpret pc=0x00000000031dec68 method=java.util.HashMap.getNode(ILjava/lang/Object;)Ljava/util/HashMap$Node; @ 62
Event: 3.834 Thread 0x0000000017187800 Uncommon trap: reason=unstable_if action=reinterpret pc=0x00000000033bac18 method=com.android.dx.util.IntList.binarysearch(I)I @ 26
Event: 4.030 Thread 0x0000000017062000 Uncommon trap: reason=class_check action=maybe_recompile pc=0x000000000341d824 method=com.android.dx.cf.code.BytecodeArray.parseInstruction(ILcom/android/dx/cf/code/BytecodeArray$Visitor;)I @ 1357
Event: 4.030 Thread 0x0000000017062000 Uncommon trap: reason=class_check action=maybe_recompile pc=0x000000000341d824 method=com.android.dx.cf.code.BytecodeArray.parseInstruction(ILcom/android/dx/cf/code/BytecodeArray$Visitor;)I @ 1357
Event: 4.030 Thread 0x0000000017062000 Uncommon trap: reason=class_check action=maybe_recompile pc=0x000000000341dc00 method=com.android.dx.cf.code.BytecodeArray.parseInstruction(ILcom/android/dx/cf/code/BytecodeArray$Visitor;)I @ 1747
Event: 4.030 Thread 0x0000000017062000 Uncommon trap: reason=class_check action=maybe_recompile pc=0x000000000341dc00 method=com.android.dx.cf.code.BytecodeArray.parseInstruction(ILcom/android/dx/cf/code/BytecodeArray$Visitor;)I @ 1747

Internal exceptions (4 events):
Event: 1.271 Thread 0x0000000002f00800 Exception <a 'java/lang/NoSuchMethodError': Method sun.misc.Unsafe.defineClass(Ljava/lang/String;[BII)Ljava/lang/Class; name or signature does not match> (0x00000000eab07cc0) thrown at [C:\re\workspace\8-2-build-windows-amd64-cygwin\jdk8u91\6644\hotspot\sr¯ÙöNWô?
Event: 1.271 Thread 0x0000000002f00800 Exception <a 'java/lang/NoSuchMethodError': Method sun.misc.Unsafe.prefetchRead(Ljava/lang/Object;J)V name or signature does not match> (0x00000000eab07fa8) thrown at [C:\re\workspace\8-2-build-windows-amd64-cygwin\jdk8u91\6644\hotspot\src\share\vm\prims\jvöà‘,
Event: 3.500 Thread 0x000000001715f000 Implicit null exception at 0x0000000003305d90 to 0x0000000003307679
Event: 3.500 Thread 0x000000001715f000 Implicit null exception at 0x00000000032f73ea to 0x00000000032f8f9d

Events (10 events):
Event: 4.419 Executing VM operation: ParallelGCFailedAllocation
Event: 4.556 Executing VM operation: ParallelGCFailedAllocation done
Event: 4.604 loading class com/android/dx/util/ListIntSet$1
Event: 4.604 loading class com/android/dx/util/ListIntSet$1 done
Event: 4.605 Executing VM operation: Deoptimize
Event: 4.667 Executing VM operation: Deoptimize done
Event: 4.674 Executing VM operation: ParallelGCFailedAllocation
Event: 4.765 Executing VM operation: ParallelGCFailedAllocation done
Event: 4.806 Thread 0x000000001715f000 DEOPT PACKING pc=0x0000000003483918 sp=0x0000000017a1ed20
Event: 4.806 Thread 0x000000001715f000 DEOPT UNPACKING pc=0x000000000304787f sp=0x0000000017a1eb48 mode 0


Dynamic libraries:
0x00007ff7ef3d0000 - 0x00007ff7ef407000 	C:\Program Files\Java\jdk1.8.0_91\bin\java.exe
0x00007ffc07fa0000 - 0x00007ffc08162000 	C:\Windows\SYSTEM32\ntdll.dll
0x00007ffc05800000 - 0x00007ffc058ad000 	C:\Windows\system32\KERNEL32.DLL
0x00007ffc052c0000 - 0x00007ffc0549d000 	C:\Windows\system32\KERNELBASE.dll
0x00007ffc058b0000 - 0x00007ffc05956000 	C:\Windows\system32\ADVAPI32.dll
0x00007ffc076c0000 - 0x00007ffc0775d000 	C:\Windows\system32\msvcrt.dll
0x00007ffc05720000 - 0x00007ffc0577b000 	C:\Windows\system32\sechost.dll
0x00007ffc05fa0000 - 0x00007ffc060c6000 	C:\Windows\system32\RPCRT4.dll
0x00007ffc07a10000 - 0x00007ffc07b5e000 	C:\Windows\system32\USER32.dll
0x00007ffc07760000 - 0x00007ffc078e5000 	C:\Windows\system32\GDI32.dll
0x00007ffbec440000 - 0x00007ffbec6b4000 	C:\Windows\WinSxS\amd64_microsoft.windows.common-controls_6595b64144ccf1df_6.0.10240.16384_none_f41f7b285750ef43\COMCTL32.dll
0x00007ffc07b80000 - 0x00007ffc07bb6000 	C:\Windows\system32\IMM32.DLL
0x00007ffc05960000 - 0x00007ffc05abc000 	C:\Windows\system32\MSCTF.dll
0x0000000050760000 - 0x0000000050832000 	C:\Program Files\Java\jdk1.8.0_91\jre\bin\msvcr100.dll
0x0000000050840000 - 0x00000000510d3000 	C:\Program Files\Java\jdk1.8.0_91\jre\bin\server\jvm.dll
0x00007ffc05ba0000 - 0x00007ffc05ba8000 	C:\Windows\system32\PSAPI.DLL
0x00007ffbdeeb0000 - 0x00007ffbdeeb9000 	C:\Windows\SYSTEM32\WSOCK32.dll
0x00007ffc05f30000 - 0x00007ffc05f99000 	C:\Windows\system32\WS2_32.dll
0x00007ffc057f0000 - 0x00007ffc057f8000 	C:\Windows\system32\NSI.dll
0x00007ffc02c50000 - 0x00007ffc02c73000 	C:\Windows\SYSTEM32\WINMM.dll
0x00007ffbfc7f0000 - 0x00007ffbfc7fa000 	C:\Windows\SYSTEM32\VERSION.dll
0x00007ffc02b50000 - 0x00007ffc02b7c000 	C:\Windows\SYSTEM32\WINMMBASE.dll
0x00007ffc04b30000 - 0x00007ffc04b74000 	C:\Windows\system32\cfgmgr32.dll
0x00007ffc03340000 - 0x00007ffc03367000 	C:\Windows\SYSTEM32\DEVOBJ.dll
0x0000000050710000 - 0x000000005071f000 	C:\Program Files\Java\jdk1.8.0_91\jre\bin\verify.dll
0x00000000506e0000 - 0x0000000050709000 	C:\Program Files\Java\jdk1.8.0_91\jre\bin\java.dll
0x00000000506c0000 - 0x00000000506d6000 	C:\Program Files\Java\jdk1.8.0_91\jre\bin\zip.dll
0x00007ffc060d0000 - 0x00007ffc075f3000 	C:\Windows\system32\SHELL32.dll
0x00007ffc04c30000 - 0x00007ffc05259000 	C:\Windows\system32\windows.storage.dll
0x00007ffc07bd0000 - 0x00007ffc07e4c000 	C:\Windows\system32\combase.dll
0x00007ffc078f0000 - 0x00007ffc07941000 	C:\Windows\system32\shlwapi.dll
0x00007ffc04a40000 - 0x00007ffc04a4f000 	C:\Windows\system32\kernel.appcore.dll
0x00007ffc04a70000 - 0x00007ffc04b23000 	C:\Windows\system32\shcore.dll
0x00007ffc049f0000 - 0x00007ffc04a3a000 	C:\Windows\system32\powrprof.dll
0x00007ffc049d0000 - 0x00007ffc049e3000 	C:\Windows\system32\profapi.dll

VM Arguments:
jvm_args: -Djava.awt.headless=true -Xmx1024M -Dfile.encoding=windows-1252 -Duser.country=MX -Duser.language=es -Duser.variant 
java_command: com.android.dx.command.Main --dex --force-jumbo --num-threads=4 --multi-dex --output C:\Users\JONATAN\Desktop\NuevaIOTMX\app\build\intermediates\transforms\dex\debug\folders\1000\5\slice_4 C:\Users\JONATAN\Desktop\NuevaIOTMX\app\build\intermediates\transforms\instantRunSlicer\debug\folders\1\5\slice_4
java_class_path (initial): C:\Users\JONATAN\AppData\Local\Android\sdk\build-tools\24.0.0\lib\dx.jar
Launcher Type: SUN_STANDARD

Environment Variables:
PATH=C:\Python27\;C:\Python27\Scripts;C:\ProgramData\Oracle\Java\javapath;C:\Windows\system32;C:\Windows;C:\Windows\System32\Wbem;C:\Windows\System32\WindowsPowerShell\v1.0\;C:\Program Files\Microsoft SQL Server\120\DTS\Binn\;C:\Program Files\Microsoft SQL Server\Client SDK\ODBC\110\Tools\Binn\;C:\Program Files (x86)\Microsoft SQL Server\120\Tools\Binn\;C:\Program Files\Microsoft SQL Server\120\Tools\Binn\;C:\Program Files (x86)\Microsoft SQL Server\120\Tools\Binn\ManagementStudio\;C:\Program Files (x86)\Microsoft SQL Server\120\DTS\Binn\;C:\Microsoft SQL Server Migration Assistant for MySQL\bin\;C:\Program Files (x86)\Nmap
USERNAME=JONATAN
OS=Windows_NT
PROCESSOR_IDENTIFIER=Intel64 Family 6 Model 69 Stepping 1, GenuineIntel



---------------  S Y S T E M  ---------------

OS: Windows 10.0 , 64 bit Build 10240 (10.0.10240.16384)

CPU:total 4 (2 cores per cpu, 2 threads per core) family 6 model 69 stepping 1, cmov, cx8, fxsr, mmx, sse, sse2, sse3, ssse3, sse4.1, sse4.2, popcnt, avx, avx2, aes, clmul, erms, lzcnt, ht, tsc, tscinvbit, bmi1, bmi2

Memory: 4k page, physical 6172120k(1421900k free), swap 7207176k(5128k free)

vm_info: Java HotSpot(TM) 64-Bit Server VM (25.91-b14) for windows-amd64 JRE (1.8.0_91-b14), built on Apr  1 2016 00:58:32 by "java_re" with MS VC++ 10.0 (VS2010)

time: Mon Sep 19 18:43:34 2016
elapsed time: 5 seconds (0d 0h 0m 5s)

