#
# There is insufficient memory for the Java Runtime Environment to continue.
# Native memory allocation (malloc) failed to allocate 1102256 bytes for Chunk::new
# Possible reasons:
#   The system is out of physical RAM or swap space
#   In 32 bit mode, the process size limit was hit
# Possible solutions:
#   Reduce memory load on the system
#   Increase physical memory or swap space
#   Check if swap backing store is full
#   Use 64 bit Java on a 64 bit OS
#   Decrease Java heap size (-Xmx/-Xms)
#   Decrease number of Java threads
#   Decrease Java thread stack sizes (-Xss)
#   Set larger code cache with -XX:ReservedCodeCacheSize=
# This output file may be truncated or incomplete.
#
#  Out of Memory Error (allocation.cpp:390), pid=7872, tid=8808
#
# JRE version: Java(TM) SE Runtime Environment (8.0_91-b14) (build 1.8.0_91-b14)
# Java VM: Java HotSpot(TM) 64-Bit Server VM (25.91-b14 mixed mode windows-amd64 compressed oops)
# Failed to write core dump. Minidumps are not enabled by default on client versions of Windows
#

---------------  T H R E A D  ---------------

Current thread (0x0000000015008800):  JavaThread "C2 CompilerThread1" daemon [_thread_in_native, id=8808, stack(0x0000000016770000,0x0000000016870000)]

Stack: [0x0000000016770000,0x0000000016870000]
[error occurred during error reporting (printing stack bounds), id 0xc0000005]

Native frames: (J=compiled Java code, j=interpreted, Vv=VM code, C=native code)


Current CompileTask:
C2:   5511 2143       4       com.android.dx.ssa.LocalVariableExtractor::processBlock (383 bytes)


---------------  P R O C E S S  ---------------

Java Threads: ( => current thread )
  0x0000000016be5800 JavaThread "pool-2-thread-4" [_thread_in_Java, id=8340, stack(0x0000000017370000,0x0000000017470000)]
  0x0000000016be4000 JavaThread "pool-2-thread-3" [_thread_in_Java, id=8160, stack(0x0000000017270000,0x0000000017370000)]
  0x0000000016be2800 JavaThread "pool-2-thread-2" [_thread_in_Java, id=1860, stack(0x0000000017170000,0x0000000017270000)]
  0x0000000016c08000 JavaThread "pool-3-thread-1" [_thread_blocked, id=8960, stack(0x0000000017070000,0x0000000017170000)]
  0x0000000016c01000 JavaThread "pool-2-thread-1" [_thread_in_Java, id=980, stack(0x0000000016f70000,0x0000000017070000)]
  0x0000000016985000 JavaThread "Service Thread" daemon [_thread_blocked, id=8228, stack(0x0000000016d70000,0x0000000016e70000)]
  0x000000001500d800 JavaThread "C1 CompilerThread2" daemon [_thread_blocked, id=8184, stack(0x0000000016870000,0x0000000016970000)]
=>0x0000000015008800 JavaThread "C2 CompilerThread1" daemon [_thread_in_native, id=8808, stack(0x0000000016770000,0x0000000016870000)]
  0x0000000015018000 JavaThread "C2 CompilerThread0" daemon [_thread_in_native, id=6712, stack(0x0000000016670000,0x0000000016770000)]
  0x0000000015016800 JavaThread "Attach Listener" daemon [_thread_blocked, id=7224, stack(0x0000000016570000,0x0000000016670000)]
  0x0000000015015000 JavaThread "Signal Dispatcher" daemon [_thread_blocked, id=6068, stack(0x0000000016470000,0x0000000016570000)]
  0x0000000014ffa000 JavaThread "Finalizer" daemon [_thread_blocked, id=8404, stack(0x0000000016260000,0x0000000016360000)]
  0x0000000014fd8800 JavaThread "Reference Handler" daemon [_thread_blocked, id=8696, stack(0x0000000016160000,0x0000000016260000)]
  0x0000000002810800 JavaThread "main" [_thread_in_Java, id=7328, stack(0x0000000002710000,0x0000000002810000)]

Other Threads:
  0x0000000014fd6800 VMThread [stack: 0x0000000016060000,0x0000000016160000] [id=6776]
  0x0000000016992000 WatcherThread [stack: 0x0000000016e70000,0x0000000016f70000] [id=7392]

VM state:not at safepoint (normal execution)

VM Mutex/Monitor currently owned by a thread: None

Heap:
 PSYoungGen      total 111104K, used 81160K [0x00000000eab00000, 0x00000000f2800000, 0x0000000100000000)
  eden space 97280K, 69% used [0x00000000eab00000,0x00000000eecc5348,0x00000000f0a00000)
  from space 13824K, 99% used [0x00000000f1880000,0x00000000f25fcec8,0x00000000f2600000)
  to   space 14848K, 0% used [0x00000000f0a00000,0x00000000f0a00000,0x00000000f1880000)
 ParOldGen       total 65536K, used 45591K [0x00000000c0000000, 0x00000000c4000000, 0x00000000eab00000)
  object space 65536K, 69% used [0x00000000c0000000,0x00000000c2c85c88,0x00000000c4000000)
 Metaspace       used 6539K, capacity 7256K, committed 7424K, reserved 1056768K
  class space    used 624K, capacity 656K, committed 768K, reserved 1048576K

Card table byte_map: [0x0000000011ce0000,0x0000000011ef0000] byte_map_base: 0x00000000116e0000

Marking Bits: (ParMarkBitMap*) 0x00000000767c2f70
 Begin Bits: [0x0000000012450000, 0x0000000013450000)
 End Bits:   [0x0000000013450000, 0x0000000014450000)

Polling page: 0x00000000025b0000

CodeCache: size=245760Kb used=7893Kb max_used=7893Kb free=237866Kb
 bounds [0x0000000002920000, 0x00000000030e0000, 0x0000000011920000]
 total_blobs=2332 nmethods=2059 adapters=182
 compilation: enabled

Compilation events (10 events):
Event: 5.443 Thread 0x0000000015008800 2143       4       com.android.dx.ssa.LocalVariableExtractor::processBlock (383 bytes)
Event: 5.481 Thread 0x000000001500d800 2188       2       com.android.dx.dex.code.RopTranslator$TranslationVisitor::addOutputSuffix (9 bytes)
Event: 5.482 Thread 0x000000001500d800 nmethod 2188 0x00000000030c78d0 code [0x00000000030c7a40, 0x00000000030c7cc8]
Event: 5.482 Thread 0x000000001500d800 2189       2       com.android.dx.dex.code.OutputCollector::addSuffix (10 bytes)
Event: 5.482 Thread 0x000000001500d800 nmethod 2189 0x00000000030c7290 code [0x00000000030c7400, 0x00000000030c7688]
Event: 5.490 Thread 0x000000001500d800 2190       2       java.io.DataInputStream::readUnsignedByte (22 bytes)
Event: 5.490 Thread 0x000000001500d800 nmethod 2190 0x00000000030c6e50 code [0x00000000030c6fc0, 0x00000000030c7198]
Event: 5.490 Thread 0x000000001500d800 2191 %     3       com.android.dx.cf.direct.StdAttributeFactory::lineNumberTable @ 100 (204 bytes)
Event: 5.493 Thread 0x000000001500d800 nmethod 2191% 0x00000000030c1650 code [0x00000000030c1b00, 0x00000000030c4958]
Event: 5.507 Thread 0x000000001500d800 2193       2       com.android.dx.rop.code.Rops::opConv (231 bytes)

GC Heap History (10 events):
Event: 3.108 GC heap before
{Heap before GC invocations=4 (full 0):
 PSYoungGen      total 28672K, used 28644K [0x00000000eab00000, 0x00000000ee300000, 0x0000000100000000)
  eden space 24576K, 100% used [0x00000000eab00000,0x00000000ec300000,0x00000000ec300000)
  from space 4096K, 99% used [0x00000000ec300000,0x00000000ec6f9070,0x00000000ec700000)
  to   space 4096K, 0% used [0x00000000edf00000,0x00000000edf00000,0x00000000ee300000)
 ParOldGen       total 65536K, used 6036K [0x00000000c0000000, 0x00000000c4000000, 0x00000000eab00000)
  object space 65536K, 9% used [0x00000000c0000000,0x00000000c05e53d0,0x00000000c4000000)
 Metaspace       used 6188K, capacity 7026K, committed 7296K, reserved 1056768K
  class space    used 604K, capacity 618K, committed 640K, reserved 1048576K
Event: 3.148 GC heap after
Heap after GC invocations=4 (full 0):
 PSYoungGen      total 53248K, used 4068K [0x00000000eab00000, 0x00000000ee300000, 0x0000000100000000)
  eden space 49152K, 0% used [0x00000000eab00000,0x00000000eab00000,0x00000000edb00000)
  from space 4096K, 99% used [0x00000000edf00000,0x00000000ee2f9070,0x00000000ee300000)
  to   space 4096K, 0% used [0x00000000edb00000,0x00000000edb00000,0x00000000edf00000)
 ParOldGen       total 65536K, used 10474K [0x00000000c0000000, 0x00000000c4000000, 0x00000000eab00000)
  object space 65536K, 15% used [0x00000000c0000000,0x00000000c0a3ab28,0x00000000c4000000)
 Metaspace       used 6188K, capacity 7026K, committed 7296K, reserved 1056768K
  class space    used 604K, capacity 618K, committed 640K, reserved 1048576K
}
Event: 3.605 GC heap before
{Heap before GC invocations=5 (full 0):
 PSYoungGen      total 53248K, used 53220K [0x00000000eab00000, 0x00000000ee300000, 0x0000000100000000)
  eden space 49152K, 100% used [0x00000000eab00000,0x00000000edb00000,0x00000000edb00000)
  from space 4096K, 99% used [0x00000000edf00000,0x00000000ee2f9070,0x00000000ee300000)
  to   space 4096K, 0% used [0x00000000edb00000,0x00000000edb00000,0x00000000edf00000)
 ParOldGen       total 65536K, used 10474K [0x00000000c0000000, 0x00000000c4000000, 0x00000000eab00000)
  object space 65536K, 15% used [0x00000000c0000000,0x00000000c0a3ab28,0x00000000c4000000)
 Metaspace       used 6277K, capacity 7090K, committed 7296K, reserved 1056768K
  class space    used 604K, capacity 618K, committed 640K, reserved 1048576K
Event: 3.646 GC heap after
Heap after GC invocations=5 (full 0):
 PSYoungGen      total 53248K, used 4068K [0x00000000eab00000, 0x00000000f2600000, 0x0000000100000000)
  eden space 49152K, 0% used [0x00000000eab00000,0x00000000eab00000,0x00000000edb00000)
  from space 4096K, 99% used [0x00000000edb00000,0x00000000edef9070,0x00000000edf00000)
  to   space 13824K, 0% used [0x00000000f1880000,0x00000000f1880000,0x00000000f2600000)
 ParOldGen       total 65536K, used 18381K [0x00000000c0000000, 0x00000000c4000000, 0x00000000eab00000)
  object space 65536K, 28% used [0x00000000c0000000,0x00000000c11f34f0,0x00000000c4000000)
 Metaspace       used 6277K, capacity 7090K, committed 7296K, reserved 1056768K
  class space    used 604K, capacity 618K, committed 640K, reserved 1048576K
}
Event: 3.978 GC heap before
{Heap before GC invocations=6 (full 0):
 PSYoungGen      total 53248K, used 53220K [0x00000000eab00000, 0x00000000f2600000, 0x0000000100000000)
  eden space 49152K, 100% used [0x00000000eab00000,0x00000000edb00000,0x00000000edb00000)
  from space 4096K, 99% used [0x00000000edb00000,0x00000000edef9070,0x00000000edf00000)
  to   space 13824K, 0% used [0x00000000f1880000,0x00000000f1880000,0x00000000f2600000)
 ParOldGen       total 65536K, used 18381K [0x00000000c0000000, 0x00000000c4000000, 0x00000000eab00000)
  object space 65536K, 28% used [0x00000000c0000000,0x00000000c11f34f0,0x00000000c4000000)
 Metaspace       used 6340K, capacity 7154K, committed 7296K, reserved 1056768K
  class space    used 604K, capacity 618K, committed 640K, reserved 1048576K
Event: 4.022 GC heap after
Heap after GC invocations=6 (full 0):
 PSYoungGen      total 111104K, used 11743K [0x00000000eab00000, 0x00000000f2800000, 0x0000000100000000)
  eden space 97280K, 0% used [0x00000000eab00000,0x00000000eab00000,0x00000000f0a00000)
  from space 13824K, 84% used [0x00000000f1880000,0x00000000f23f7fc8,0x00000000f2600000)
  to   space 14848K, 0% used [0x00000000f0a00000,0x00000000f0a00000,0x00000000f1880000)
 ParOldGen       total 65536K, used 18381K [0x00000000c0000000, 0x00000000c4000000, 0x00000000eab00000)
  object space 65536K, 28% used [0x00000000c0000000,0x00000000c11f34f0,0x00000000c4000000)
 Metaspace       used 6340K, capacity 7154K, committed 7296K, reserved 1056768K
  class space    used 604K, capacity 618K, committed 640K, reserved 1048576K
}
Event: 4.588 GC heap before
{Heap before GC invocations=7 (full 0):
 PSYoungGen      total 111104K, used 109023K [0x00000000eab00000, 0x00000000f2800000, 0x0000000100000000)
  eden space 97280K, 100% used [0x00000000eab00000,0x00000000f0a00000,0x00000000f0a00000)
  from space 13824K, 84% used [0x00000000f1880000,0x00000000f23f7fc8,0x00000000f2600000)
  to   space 14848K, 0% used [0x00000000f0a00000,0x00000000f0a00000,0x00000000f1880000)
 ParOldGen       total 65536K, used 18381K [0x00000000c0000000, 0x00000000c4000000, 0x00000000eab00000)
  object space 65536K, 28% used [0x00000000c0000000,0x00000000c11f34f0,0x00000000c4000000)
 Metaspace       used 6496K, capacity 7192K, committed 7424K, reserved 1056768K
  class space    used 624K, capacity 656K, committed 768K, reserved 1048576K
Event: 4.657 GC heap after
Heap after GC invocations=7 (full 0):
 PSYoungGen      total 112128K, used 14816K [0x00000000eab00000, 0x00000000f2800000, 0x0000000100000000)
  eden space 97280K, 0% used [0x00000000eab00000,0x00000000eab00000,0x00000000f0a00000)
  from space 14848K, 99% used [0x00000000f0a00000,0x00000000f1878020,0x00000000f1880000)
  to   space 13824K, 0% used [0x00000000f1880000,0x00000000f1880000,0x00000000f2600000)
 ParOldGen       total 65536K, used 30136K [0x00000000c0000000, 0x00000000c4000000, 0x00000000eab00000)
  object space 65536K, 45% used [0x00000000c0000000,0x00000000c1d6e340,0x00000000c4000000)
 Metaspace       used 6496K, capacity 7192K, committed 7424K, reserved 1056768K
  class space    used 624K, capacity 656K, committed 768K, reserved 1048576K
}
Event: 5.134 GC heap before
{Heap before GC invocations=8 (full 0):
 PSYoungGen      total 112128K, used 112096K [0x00000000eab00000, 0x00000000f2800000, 0x0000000100000000)
  eden space 97280K, 100% used [0x00000000eab00000,0x00000000f0a00000,0x00000000f0a00000)
  from space 14848K, 99% used [0x00000000f0a00000,0x00000000f1878020,0x00000000f1880000)
  to   space 13824K, 0% used [0x00000000f1880000,0x00000000f1880000,0x00000000f2600000)
 ParOldGen       total 65536K, used 30136K [0x00000000c0000000, 0x00000000c4000000, 0x00000000eab00000)
  object space 65536K, 45% used [0x00000000c0000000,0x00000000c1d6e340,0x00000000c4000000)
 Metaspace       used 6524K, capacity 7256K, committed 7424K, reserved 1056768K
  class space    used 624K, capacity 656K, committed 768K, reserved 1048576K
Event: 5.200 GC heap after
Heap after GC invocations=8 (full 0):
 PSYoungGen      total 111104K, used 13811K [0x00000000eab00000, 0x00000000f2800000, 0x0000000100000000)
  eden space 97280K, 0% used [0x00000000eab00000,0x00000000eab00000,0x00000000f0a00000)
  from space 13824K, 99% used [0x00000000f1880000,0x00000000f25fcec8,0x00000000f2600000)
  to   space 14848K, 0% used [0x00000000f0a00000,0x00000000f0a00000,0x00000000f1880000)
 ParOldGen       total 65536K, used 45591K [0x00000000c0000000, 0x00000000c4000000, 0x00000000eab00000)
  object space 65536K, 69% used [0x00000000c0000000,0x00000000c2c85c88,0x00000000c4000000)
 Metaspace       used 6524K, capacity 7256K, committed 7424K, reserved 1056768K
  class space    used 624K, capacity 656K, committed 768K, reserved 1048576K
}

Deoptimization events (10 events):
Event: 2.749 Thread 0x0000000016c01000 Uncommon trap: reason=bimorphic action=maybe_recompile pc=0x0000000002c99b38 method=java.util.HashMap.getNode(ILjava/lang/Object;)Ljava/util/HashMap$Node; @ 126
Event: 4.168 Thread 0x0000000016c01000 Uncommon trap: reason=unstable_if action=reinterpret pc=0x0000000002fbece8 method=com.android.dx.ssa.SsaRenamer$BlockRenamer.visitMoveInsn(Lcom/android/dx/ssa/NormalSsaInsn;)V @ 104
Event: 4.546 Thread 0x0000000016be2800 Uncommon trap: reason=unstable_if action=reinterpret pc=0x0000000002c957e0 method=java.util.HashMap.putVal(ILjava/lang/Object;Ljava/lang/Object;ZZ)Ljava/lang/Object; @ 162
Event: 4.551 Thread 0x0000000016be2800 Uncommon trap: reason=unstable_if action=reinterpret pc=0x0000000002d81e04 method=java.util.HashMap.getNode(ILjava/lang/Object;)Ljava/util/HashMap$Node; @ 84
Event: 4.661 Thread 0x0000000016c01000 Uncommon trap: reason=unstable_if action=reinterpret pc=0x0000000002a32998 method=java.util.HashMap.getNode(ILjava/lang/Object;)Ljava/util/HashMap$Node; @ 84
Event: 4.922 Thread 0x0000000016be4000 Uncommon trap: reason=unstable_if action=reinterpret pc=0x0000000002fa57c4 method=java.util.HashMap.putVal(ILjava/lang/Object;Ljava/lang/Object;ZZ)Ljava/lang/Object; @ 109
Event: 5.067 Thread 0x0000000016c01000 Uncommon trap: reason=bimorphic action=maybe_recompile pc=0x0000000003097b70 method=com.android.dx.rop.code.RegisterSpec.withSimpleType()Lcom/android/dx/rop/code/RegisterSpec; @ 21
Event: 5.067 Thread 0x0000000016c01000 Uncommon trap: reason=bimorphic action=maybe_recompile pc=0x0000000003097b70 method=com.android.dx.rop.code.RegisterSpec.withSimpleType()Lcom/android/dx/rop/code/RegisterSpec; @ 21
Event: 5.082 Thread 0x0000000016c01000 Uncommon trap: reason=bimorphic action=maybe_recompile pc=0x0000000003097b70 method=com.android.dx.rop.code.RegisterSpec.withSimpleType()Lcom/android/dx/rop/code/RegisterSpec; @ 21
Event: 5.084 Thread 0x0000000016c01000 Uncommon trap: reason=bimorphic action=maybe_recompile pc=0x0000000003097b70 method=com.android.dx.rop.code.RegisterSpec.withSimpleType()Lcom/android/dx/rop/code/RegisterSpec; @ 21

Internal exceptions (6 events):
Event: 0.057 Thread 0x0000000002810800 Exception <a 'java/lang/NoSuchMethodError': Method sun.misc.Unsafe.defineClass(Ljava/lang/String;[BII)Ljava/lang/Class; name or signature does not match> (0x00000000eab07cc0) thrown at [C:\re\workspace\8-2-build-windows-amd64-cygwin\jdk8u91\6644\hotspot\sr∞êmó#@≠?
Event: 0.057 Thread 0x0000000002810800 Exception <a 'java/lang/NoSuchMethodError': Method sun.misc.Unsafe.prefetchRead(Ljava/lang/Object;J)V name or signature does not match> (0x00000000eab07fa8) thrown at [C:\re\workspace\8-2-build-windows-amd64-cygwin\jdk8u91\6644\hotspot\src\share\vm\prims\j´B/[@
Event: 2.170 Thread 0x0000000016c01000 Implicit null exception at 0x0000000002c70b62 to 0x0000000002c70c69
Event: 4.548 Thread 0x0000000016be2800 Exception <a 'java/lang/ArrayIndexOutOfBoundsException': 18> (0x00000000f031cef8) thrown at [C:\re\workspace\8-2-build-windows-amd64-cygwin\jdk8u91\6644\hotspot\src\share\vm\interpreter\interpreterRuntime.cpp, line 366]
Event: 4.549 Thread 0x0000000016be2800 Exception <a 'java/lang/ArrayIndexOutOfBoundsException': 145> (0x00000000f031ea78) thrown at [C:\re\workspace\8-2-build-windows-amd64-cygwin\jdk8u91\6644\hotspot\src\share\vm\interpreter\interpreterRuntime.cpp, line 366]
Event: 4.550 Thread 0x0000000016be2800 Exception <a 'java/lang/ArrayIndexOutOfBoundsException'> (0x00000000f031fd60) thrown at [C:\re\workspace\8-2-build-windows-amd64-cygwin\jdk8u91\6644\hotspot\src\share\vm\runtime\sharedRuntime.cpp, line 605]

Events (10 events):
Event: 5.128 Executing VM operation: ParallelGCFailedAllocation
Event: 5.200 Executing VM operation: ParallelGCFailedAllocation done
Event: 5.258 Thread 0x0000000016be2800 DEOPT PACKING pc=0x0000000002d62c0c sp=0x000000001726ef90
Event: 5.258 Thread 0x0000000016be2800 DEOPT UNPACKING pc=0x000000000296787f sp=0x000000001726ec70 mode 0
Event: 5.338 Thread 0x0000000016c01000 DEOPT PACKING pc=0x0000000002d62c0c sp=0x000000001706edc0
Event: 5.338 Thread 0x0000000016c01000 DEOPT UNPACKING pc=0x000000000296787f sp=0x000000001706eaa0 mode 0
Event: 5.342 Thread 0x0000000002810800 DEOPT PACKING pc=0x0000000002dc965c sp=0x000000000280daf0
Event: 5.342 Thread 0x0000000002810800 DEOPT UNPACKING pc=0x000000000296787f sp=0x000000000280d928 mode 0
Event: 5.436 Thread 0x0000000016be2800 DEOPT PACKING pc=0x0000000002d62c0c sp=0x000000001726f090
Event: 5.436 Thread 0x0000000016be2800 DEOPT UNPACKING pc=0x000000000296787f sp=0x000000001726ed70 mode 0


Dynamic libraries:
0x00007ff6f32a0000 - 0x00007ff6f32d7000 	C:\Program Files\Java\jdk1.8.0_91\bin\java.exe
0x00007ffdfc770000 - 0x00007ffdfc932000 	C:\Windows\SYSTEM32\ntdll.dll
0x00007ffdfc6c0000 - 0x00007ffdfc76d000 	C:\Windows\system32\KERNEL32.DLL
0x00007ffdf9c60000 - 0x00007ffdf9e3d000 	C:\Windows\system32\KERNELBASE.dll
0x00007ffdf9e40000 - 0x00007ffdf9ee6000 	C:\Windows\system32\ADVAPI32.dll
0x00007ffdfab50000 - 0x00007ffdfabed000 	C:\Windows\system32\msvcrt.dll
0x00007ffdfaa70000 - 0x00007ffdfaacb000 	C:\Windows\system32\sechost.dll
0x00007ffdfa940000 - 0x00007ffdfaa66000 	C:\Windows\system32\RPCRT4.dll
0x00007ffdf9f00000 - 0x00007ffdfa04e000 	C:\Windows\system32\USER32.dll
0x00007ffdfa300000 - 0x00007ffdfa485000 	C:\Windows\system32\GDI32.dll
0x00007ffddcd70000 - 0x00007ffddcfe4000 	C:\Windows\WinSxS\amd64_microsoft.windows.common-controls_6595b64144ccf1df_6.0.10240.16384_none_f41f7b285750ef43\COMCTL32.dll
0x00007ffdfac60000 - 0x00007ffdfac96000 	C:\Windows\system32\IMM32.DLL
0x00007ffdfaca0000 - 0x00007ffdfadfc000 	C:\Windows\system32\MSCTF.dll
0x0000000076c30000 - 0x0000000076d02000 	C:\Program Files\Java\jdk1.8.0_91\jre\bin\msvcr100.dll
0x0000000075fb0000 - 0x0000000076843000 	C:\Program Files\Java\jdk1.8.0_91\jre\bin\server\jvm.dll
0x00007ffdf9ef0000 - 0x00007ffdf9ef8000 	C:\Windows\system32\PSAPI.DLL
0x00007ffdd2cc0000 - 0x00007ffdd2cc9000 	C:\Windows\SYSTEM32\WSOCK32.dll
0x00007ffdf7410000 - 0x00007ffdf7433000 	C:\Windows\SYSTEM32\WINMM.dll
0x00007ffdf1320000 - 0x00007ffdf132a000 	C:\Windows\SYSTEM32\VERSION.dll
0x00007ffdfaad0000 - 0x00007ffdfab39000 	C:\Windows\system32\WS2_32.dll
0x00007ffdfab40000 - 0x00007ffdfab48000 	C:\Windows\system32\NSI.dll
0x0000000002580000 - 0x00000000025ac000 	C:\Windows\SYSTEM32\WINMMBASE.dll
0x00007ffdf94d0000 - 0x00007ffdf9514000 	C:\Windows\system32\cfgmgr32.dll
0x00007ffdf7b10000 - 0x00007ffdf7b37000 	C:\Windows\SYSTEM32\DEVOBJ.dll
0x0000000075e80000 - 0x0000000075e8f000 	C:\Program Files\Java\jdk1.8.0_91\jre\bin\verify.dll
0x0000000075e50000 - 0x0000000075e79000 	C:\Program Files\Java\jdk1.8.0_91\jre\bin\java.dll
0x0000000075e30000 - 0x0000000075e46000 	C:\Program Files\Java\jdk1.8.0_91\jre\bin\zip.dll
0x00007ffdfaf20000 - 0x00007ffdfc443000 	C:\Windows\system32\SHELL32.dll
0x00007ffdf9630000 - 0x00007ffdf9c59000 	C:\Windows\system32\windows.storage.dll
0x00007ffdfa6c0000 - 0x00007ffdfa93c000 	C:\Windows\system32\combase.dll
0x00007ffdfc660000 - 0x00007ffdfc6b1000 	C:\Windows\system32\shlwapi.dll
0x00007ffdf91e0000 - 0x00007ffdf91ef000 	C:\Windows\system32\kernel.appcore.dll
0x00007ffdf9240000 - 0x00007ffdf92f3000 	C:\Windows\system32\shcore.dll
0x00007ffdf91f0000 - 0x00007ffdf923a000 	C:\Windows\system32\powrprof.dll
0x00007ffdf91c0000 - 0x00007ffdf91d3000 	C:\Windows\system32\profapi.dll

VM Arguments:
jvm_args: -Djava.awt.headless=true -Xmx1024M -Dfile.encoding=windows-1252 -Duser.country=MX -Duser.language=es -Duser.variant 
java_command: com.android.dx.command.Main --dex --force-jumbo --num-threads=4 --multi-dex --output C:\Users\JONATAN\Desktop\NuevaIOTMX\app\build\intermediates\transforms\dex\debug\folders\1000\10\com.android.support-support-v4-23.4.0_cbf2b06e3bd0d3a293b98dcb9b64c21f179acb43 C:\Users\JONATAN\Desktop\NuevaIOTMX\app\build\intermediates\exploded-aar\com.android.support\support-v4\23.4.0\jars\classes.jar
java_class_path (initial): C:\Users\JONATAN\AppData\Local\Android\sdk\build-tools\24.0.0\lib\dx.jar
Launcher Type: SUN_STANDARD

Environment Variables:
PATH=C:\Python27\;C:\Python27\Scripts;C:\ProgramData\Oracle\Java\javapath;C:\Windows\system32;C:\Windows;C:\Windows\System32\Wbem;C:\Windows\System32\WindowsPowerShell\v1.0\;C:\Program Files\Microsoft SQL Server\120\DTS\Binn\;C:\Program Files\Microsoft SQL Server\Client SDK\ODBC\110\Tools\Binn\;C:\Program Files (x86)\Microsoft SQL Server\120\Tools\Binn\;C:\Program Files\Microsoft SQL Server\120\Tools\Binn\;C:\Program Files (x86)\Microsoft SQL Server\120\Tools\Binn\ManagementStudio\;C:\Program Files (x86)\Microsoft SQL Server\120\DTS\Binn\;C:\Microsoft SQL Server Migration Assistant for MySQL\bin\;C:\Program Files (x86)\Nmap
USERNAME=JONATAN
OS=Windows_NT
PROCESSOR_IDENTIFIER=Intel64 Family 6 Model 69 Stepping 1, GenuineIntel



---------------  S Y S T E M  ---------------

OS: Windows 10.0 , 64 bit Build 10240 (10.0.10240.16384)

CPU:total 4 (2 cores per cpu, 2 threads per core) family 6 model 69 stepping 1, cmov, cx8, fxsr, mmx, sse, sse2, sse3, ssse3, sse4.1, sse4.2, popcnt, avx, avx2, aes, clmul, erms, lzcnt, ht, tsc, tscinvbit, bmi1, bmi2

Memory: 4k page, physical 6172120k(1358520k free), swap 6316116k(5424k free)

vm_info: Java HotSpot(TM) 64-Bit Server VM (25.91-b14) for windows-amd64 JRE (1.8.0_91-b14), built on Apr  1 2016 00:58:32 by "java_re" with MS VC++ 10.0 (VS2010)

time: Tue Sep 20 19:12:42 2016
elapsed time: 5 seconds (0d 0h 0m 5s)

