#
# There is insufficient memory for the Java Runtime Environment to continue.
# Native memory allocation (malloc) failed to allocate 724496 bytes for Chunk::new
# Possible reasons:
#   The system is out of physical RAM or swap space
#   In 32 bit mode, the process size limit was hit
# Possible solutions:
#   Reduce memory load on the system
#   Increase physical memory or swap space
#   Check if swap backing store is full
#   Use 64 bit Java on a 64 bit OS
#   Decrease Java heap size (-Xmx/-Xms)
#   Decrease number of Java threads
#   Decrease Java thread stack sizes (-Xss)
#   Set larger code cache with -XX:ReservedCodeCacheSize=
# This output file may be truncated or incomplete.
#
#  Out of Memory Error (allocation.cpp:390), pid=3308, tid=2092
#
# JRE version: Java(TM) SE Runtime Environment (8.0_91-b14) (build 1.8.0_91-b14)
# Java VM: Java HotSpot(TM) 64-Bit Server VM (25.91-b14 mixed mode windows-amd64 compressed oops)
# Failed to write core dump. Minidumps are not enabled by default on client versions of Windows
#

---------------  T H R E A D  ---------------

Current thread (0x0000000014e7c000):  JavaThread "C2 CompilerThread0" daemon [_thread_in_native, id=2092, stack(0x00000000164e0000,0x00000000165e0000)]

Stack: [0x00000000164e0000,0x00000000165e0000]
[error occurred during error reporting (printing stack bounds), id 0xc0000005]

Native frames: (J=compiled Java code, j=interpreted, Vv=VM code, C=native code)


Current CompileTask:
C2:   6369 1445       4       com.android.dx.ssa.LocalVariableExtractor::processBlock (383 bytes)


---------------  P R O C E S S  ---------------

Java Threads: ( => current thread )
  0x0000000016a7e800 JavaThread "pool-2-thread-4" [_thread_in_vm, id=3000, stack(0x00000000171e0000,0x00000000172e0000)]
  0x0000000016a7d800 JavaThread "pool-2-thread-3" [_thread_in_Java, id=7048, stack(0x00000000170e0000,0x00000000171e0000)]
  0x0000000016a7c800 JavaThread "pool-2-thread-2" [_thread_blocked, id=216, stack(0x0000000016fe0000,0x00000000170e0000)]
  0x0000000016ade000 JavaThread "pool-3-thread-1" [_thread_blocked, id=8116, stack(0x0000000016ee0000,0x0000000016fe0000)]
  0x0000000016a5d800 JavaThread "pool-2-thread-1" [_thread_blocked, id=7716, stack(0x0000000016de0000,0x0000000016ee0000)]
  0x00000000167e5000 JavaThread "Service Thread" daemon [_thread_blocked, id=7372, stack(0x0000000016be0000,0x0000000016ce0000)]
  0x0000000014eda800 JavaThread "C1 CompilerThread2" daemon [_thread_blocked, id=7292, stack(0x00000000166e0000,0x00000000167e0000)]
  0x0000000014e7f800 JavaThread "C2 CompilerThread1" daemon [_thread_in_native, id=7384, stack(0x00000000165e0000,0x00000000166e0000)]
=>0x0000000014e7c000 JavaThread "C2 CompilerThread0" daemon [_thread_in_native, id=2092, stack(0x00000000164e0000,0x00000000165e0000)]
  0x0000000014e7a800 JavaThread "Attach Listener" daemon [_thread_blocked, id=7880, stack(0x00000000163e0000,0x00000000164e0000)]
  0x0000000014e79000 JavaThread "Signal Dispatcher" daemon [_thread_blocked, id=7792, stack(0x00000000162e0000,0x00000000163e0000)]
  0x00000000027aa000 JavaThread "Finalizer" daemon [_thread_blocked, id=4532, stack(0x00000000160e0000,0x00000000161e0000)]
  0x000000000279f000 JavaThread "Reference Handler" daemon [_thread_blocked, id=5376, stack(0x0000000015fe0000,0x00000000160e0000)]
  0x00000000026b0800 JavaThread "main" [_thread_blocked, id=6928, stack(0x00000000023b0000,0x00000000024b0000)]

Other Threads:
  0x0000000014e47800 VMThread [stack: 0x0000000015ee0000,0x0000000015fe0000] [id=8100]
  0x0000000016801000 WatcherThread [stack: 0x0000000016ce0000,0x0000000016de0000] [id=5692]

VM state:not at safepoint (normal execution)

VM Mutex/Monitor currently owned by a thread:  ([mutex/lock_event])
[0x000000000256c260] Heap_lock - owner thread: 0x0000000016a7c800

Heap:
 PSYoungGen      total 53248K, used 8006K [0x00000000eab00000, 0x00000000ee300000, 0x0000000100000000)
  eden space 49152K, 7% used [0x00000000eab00000,0x00000000eaed5358,0x00000000edb00000)
  from space 4096K, 99% used [0x00000000edf00000,0x00000000ee2fc868,0x00000000ee300000)
  to   space 4096K, 0% used [0x00000000edb00000,0x00000000edb00000,0x00000000edf00000)
 ParOldGen       total 65536K, used 1958K [0x00000000c0000000, 0x00000000c4000000, 0x00000000eab00000)
  object space 65536K, 2% used [0x00000000c0000000,0x00000000c01e9960,0x00000000c4000000)
 Metaspace       used 6160K, capacity 7026K, committed 7296K, reserved 1056768K
  class space    used 603K, capacity 618K, committed 640K, reserved 1048576K

Card table byte_map: [0x0000000011b70000,0x0000000011d80000] byte_map_base: 0x0000000011570000

Marking Bits: (ParMarkBitMap*) 0x0000000051052f70
 Begin Bits: [0x00000000122e0000, 0x00000000132e0000)
 End Bits:   [0x00000000132e0000, 0x00000000142e0000)

Polling page: 0x0000000000b90000

CodeCache: size=245760Kb used=5900Kb max_used=5915Kb free=239859Kb
 bounds [0x00000000027b0000, 0x0000000002d80000, 0x00000000117b0000]
 total_blobs=1721 nmethods=1452 adapters=182
 compilation: enabled

Compilation events (10 events):
Event: 6.248 Thread 0x0000000014eda800 1458       3       java.util.HashMap$HashIterator::nextNode (100 bytes)
Event: 6.249 Thread 0x0000000014eda800 nmethod 1458 0x0000000002d71790 code [0x0000000002d71940, 0x0000000002d71e18]
Event: 6.249 Thread 0x0000000014eda800 1459       3       com.android.dx.ssa.SCCP::replaceBranches (142 bytes)
Event: 6.251 Thread 0x0000000014eda800 nmethod 1459 0x0000000002d72050 code [0x0000000002d722a0, 0x0000000002d73268]
Event: 6.252 Thread 0x0000000014eda800 1460       3       java.util.HashMap$EntryIterator::next (5 bytes)
Event: 6.252 Thread 0x0000000014eda800 nmethod 1460 0x0000000002d739d0 code [0x0000000002d73b40, 0x0000000002d73e28]
Event: 6.256 Thread 0x0000000014eda800 1461       3       com.android.dx.ssa.ConstCollector$2::map (28 bytes)
Event: 6.256 Thread 0x0000000014eda800 nmethod 1461 0x0000000002d73ed0 code [0x0000000002d74040, 0x0000000002d74468]
Event: 6.266 Thread 0x0000000014e7f800 nmethod 1418 0x0000000002d780d0 code [0x0000000002d782c0, 0x0000000002d791a8]
Event: 6.267 Thread 0x0000000014e7f800 1450       4       com.android.dx.ssa.back.LivenessAnalyzer::run (231 bytes)

GC Heap History (4 events):
Event: 3.108 GC heap before
{Heap before GC invocations=1 (full 0):
 PSYoungGen      total 28672K, used 24576K [0x00000000eab00000, 0x00000000ecb00000, 0x0000000100000000)
  eden space 24576K, 100% used [0x00000000eab00000,0x00000000ec300000,0x00000000ec300000)
  from space 4096K, 0% used [0x00000000ec700000,0x00000000ec700000,0x00000000ecb00000)
  to   space 4096K, 0% used [0x00000000ec300000,0x00000000ec300000,0x00000000ec700000)
 ParOldGen       total 65536K, used 0K [0x00000000c0000000, 0x00000000c4000000, 0x00000000eab00000)
  object space 65536K, 0% used [0x00000000c0000000,0x00000000c0000000,0x00000000c4000000)
 Metaspace       used 5603K, capacity 6576K, committed 6784K, reserved 1056768K
  class space    used 599K, capacity 616K, committed 640K, reserved 1048576K
Event: 3.688 GC heap after
Heap after GC invocations=1 (full 0):
 PSYoungGen      total 28672K, used 3702K [0x00000000eab00000, 0x00000000ee300000, 0x0000000100000000)
  eden space 24576K, 0% used [0x00000000eab00000,0x00000000eab00000,0x00000000ec300000)
  from space 4096K, 90% used [0x00000000ec300000,0x00000000ec69d930,0x00000000ec700000)
  to   space 4096K, 0% used [0x00000000edf00000,0x00000000edf00000,0x00000000ee300000)
 ParOldGen       total 65536K, used 8K [0x00000000c0000000, 0x00000000c4000000, 0x00000000eab00000)
  object space 65536K, 0% used [0x00000000c0000000,0x00000000c0002000,0x00000000c4000000)
 Metaspace       used 5603K, capacity 6576K, committed 6784K, reserved 1056768K
  class space    used 599K, capacity 616K, committed 640K, reserved 1048576K
}
Event: 5.989 GC heap before
{Heap before GC invocations=2 (full 0):
 PSYoungGen      total 28672K, used 28278K [0x00000000eab00000, 0x00000000ee300000, 0x0000000100000000)
  eden space 24576K, 100% used [0x00000000eab00000,0x00000000ec300000,0x00000000ec300000)
  from space 4096K, 90% used [0x00000000ec300000,0x00000000ec69d930,0x00000000ec700000)
  to   space 4096K, 0% used [0x00000000edf00000,0x00000000edf00000,0x00000000ee300000)
 ParOldGen       total 65536K, used 8K [0x00000000c0000000, 0x00000000c4000000, 0x00000000eab00000)
  object space 65536K, 0% used [0x00000000c0000000,0x00000000c0002000,0x00000000c4000000)
 Metaspace       used 6153K, capacity 7026K, committed 7296K, reserved 1056768K
  class space    used 603K, capacity 618K, committed 640K, reserved 1048576K
Event: 6.206 GC heap after
Heap after GC invocations=2 (full 0):
 PSYoungGen      total 53248K, used 4082K [0x00000000eab00000, 0x00000000ee300000, 0x0000000100000000)
  eden space 49152K, 0% used [0x00000000eab00000,0x00000000eab00000,0x00000000edb00000)
  from space 4096K, 99% used [0x00000000edf00000,0x00000000ee2fc868,0x00000000ee300000)
  to   space 4096K, 0% used [0x00000000edb00000,0x00000000edb00000,0x00000000edf00000)
 ParOldGen       total 65536K, used 1958K [0x00000000c0000000, 0x00000000c4000000, 0x00000000eab00000)
  object space 65536K, 2% used [0x00000000c0000000,0x00000000c01e9960,0x00000000c4000000)
 Metaspace       used 6153K, capacity 7026K, committed 7296K, reserved 1056768K
  class space    used 603K, capacity 618K, committed 640K, reserved 1048576K
}

Deoptimization events (10 events):
Event: 3.106 Thread 0x0000000016a5d800 Uncommon trap: reason=unstable_if action=reinterpret pc=0x00000000029db840 method=java.util.HashMap.getNode(ILjava/lang/Object;)Ljava/util/HashMap$Node; @ 62
Event: 3.938 Thread 0x0000000016a7c800 Uncommon trap: reason=unstable_if action=reinterpret pc=0x0000000002a316b0 method=java.util.HashMap.getNode(ILjava/lang/Object;)Ljava/util/HashMap$Node; @ 62
Event: 4.296 Thread 0x0000000016a7d800 Uncommon trap: reason=unstable_if action=reinterpret pc=0x00000000029f5f30 method=java.util.BitSet.nextSetBit(I)I @ 87
Event: 5.186 Thread 0x0000000016a7c800 Uncommon trap: reason=unstable_if action=reinterpret pc=0x0000000002be8aa0 method=com.android.dx.util.LabeledList.set(ILcom/android/dx/util/LabeledItem;)V @ 16
Event: 5.465 Thread 0x0000000016a7e800 Uncommon trap: reason=unstable_if action=reinterpret pc=0x0000000002bffcb8 method=com.android.dx.cf.code.Ropper.labelToResultIndex(I)I @ 34
Event: 5.482 Thread 0x0000000016a7e800 Uncommon trap: reason=class_check action=maybe_recompile pc=0x0000000002ae8154 method=com.android.dx.rop.type.Type.equals(Ljava/lang/Object;)Z @ 8
Event: 5.482 Thread 0x0000000016a7e800 Uncommon trap: reason=class_check action=maybe_recompile pc=0x0000000002ae8154 method=com.android.dx.rop.type.Type.equals(Ljava/lang/Object;)Z @ 8
Event: 5.483 Thread 0x0000000016a7e800 Uncommon trap: reason=class_check action=maybe_recompile pc=0x0000000002ae8154 method=com.android.dx.rop.type.Type.equals(Ljava/lang/Object;)Z @ 8
Event: 5.487 Thread 0x0000000016a7e800 Uncommon trap: reason=class_check action=maybe_recompile pc=0x0000000002ae8154 method=com.android.dx.rop.type.Type.equals(Ljava/lang/Object;)Z @ 8
Event: 6.363 Thread 0x0000000016a7d800 Uncommon trap: reason=unstable_if action=reinterpret pc=0x0000000002b4a95c method=com.android.dx.rop.cst.Constant.compareTo(Lcom/android/dx/rop/cst/Constant;)I @ 12

Internal exceptions (2 events):
Event: 0.063 Thread 0x00000000026b0800 Exception <a 'java/lang/NoSuchMethodError': Method sun.misc.Unsafe.defineClass(Ljava/lang/String;[BII)Ljava/lang/Class; name or signature does not match> (0x00000000eab07cc0) thrown at [C:\re\workspace\8-2-build-windows-amd64-cygwin\jdk8u91\6644\hotspot\sr	xuY>°?
Event: 0.063 Thread 0x00000000026b0800 Exception <a 'java/lang/NoSuchMethodError': Method sun.misc.Unsafe.prefetchRead(Ljava/lang/Object;J)V name or signature does not match> (0x00000000eab07fa8) thrown at [C:\re\workspace\8-2-build-windows-amd64-cygwin\jdk8u91\6644\hotspot\src\share\vm\prims\j

Events (10 events):
Event: 5.483 Thread 0x0000000016a7e800 DEOPT PACKING pc=0x0000000002ae8154 sp=0x00000000172ddc30
Event: 5.483 Thread 0x0000000016a7e800 DEOPT UNPACKING pc=0x00000000027f582a sp=0x00000000172dd958 mode 2
Event: 5.487 Thread 0x0000000016a7e800 Uncommon trap: trap_request=0xffffffde fr.pc=0x0000000002ae8154
Event: 5.487 Thread 0x0000000016a7e800 DEOPT PACKING pc=0x0000000002ae8154 sp=0x00000000172de670
Event: 5.487 Thread 0x0000000016a7e800 DEOPT UNPACKING pc=0x00000000027f582a sp=0x00000000172de398 mode 2
Event: 5.820 Executing VM operation: ParallelGCFailedAllocation
Event: 6.206 Executing VM operation: ParallelGCFailedAllocation done
Event: 6.363 Thread 0x0000000016a7d800 Uncommon trap: trap_request=0xffffff65 fr.pc=0x0000000002b4a95c
Event: 6.363 Thread 0x0000000016a7d800 DEOPT PACKING pc=0x0000000002b4a95c sp=0x00000000171de230
Event: 6.363 Thread 0x0000000016a7d800 DEOPT UNPACKING pc=0x00000000027f582a sp=0x00000000171de1d0 mode 2


Dynamic libraries:
0x00007ff7ef3d0000 - 0x00007ff7ef407000 	C:\Program Files\Java\jdk1.8.0_91\bin\java.exe
0x00007ffc07fa0000 - 0x00007ffc08162000 	C:\Windows\SYSTEM32\ntdll.dll
0x00007ffc05800000 - 0x00007ffc058ad000 	C:\Windows\system32\KERNEL32.DLL
0x00007ffc052c0000 - 0x00007ffc0549d000 	C:\Windows\system32\KERNELBASE.dll
0x00007ffc058b0000 - 0x00007ffc05956000 	C:\Windows\system32\ADVAPI32.dll
0x00007ffc076c0000 - 0x00007ffc0775d000 	C:\Windows\system32\msvcrt.dll
0x00007ffc05720000 - 0x00007ffc0577b000 	C:\Windows\system32\sechost.dll
0x00007ffc05fa0000 - 0x00007ffc060c6000 	C:\Windows\system32\RPCRT4.dll
0x00007ffc07a10000 - 0x00007ffc07b5e000 	C:\Windows\system32\USER32.dll
0x00007ffc07760000 - 0x00007ffc078e5000 	C:\Windows\system32\GDI32.dll
0x00007ffbec440000 - 0x00007ffbec6b4000 	C:\Windows\WinSxS\amd64_microsoft.windows.common-controls_6595b64144ccf1df_6.0.10240.16384_none_f41f7b285750ef43\COMCTL32.dll
0x00007ffc07b80000 - 0x00007ffc07bb6000 	C:\Windows\system32\IMM32.DLL
0x00007ffc05960000 - 0x00007ffc05abc000 	C:\Windows\system32\MSCTF.dll
0x0000000050760000 - 0x0000000050832000 	C:\Program Files\Java\jdk1.8.0_91\jre\bin\msvcr100.dll
0x0000000050840000 - 0x00000000510d3000 	C:\Program Files\Java\jdk1.8.0_91\jre\bin\server\jvm.dll
0x00007ffc05ba0000 - 0x00007ffc05ba8000 	C:\Windows\system32\PSAPI.DLL
0x00007ffbdeeb0000 - 0x00007ffbdeeb9000 	C:\Windows\SYSTEM32\WSOCK32.dll
0x00007ffc05f30000 - 0x00007ffc05f99000 	C:\Windows\system32\WS2_32.dll
0x00007ffc057f0000 - 0x00007ffc057f8000 	C:\Windows\system32\NSI.dll
0x00007ffc02c50000 - 0x00007ffc02c73000 	C:\Windows\SYSTEM32\WINMM.dll
0x00007ffbfc7f0000 - 0x00007ffbfc7fa000 	C:\Windows\SYSTEM32\VERSION.dll
0x00007ffc02b50000 - 0x00007ffc02b7c000 	C:\Windows\SYSTEM32\WINMMBASE.dll
0x00007ffc04b30000 - 0x00007ffc04b74000 	C:\Windows\system32\cfgmgr32.dll
0x00007ffc03340000 - 0x00007ffc03367000 	C:\Windows\SYSTEM32\DEVOBJ.dll
0x0000000050710000 - 0x000000005071f000 	C:\Program Files\Java\jdk1.8.0_91\jre\bin\verify.dll
0x00000000506e0000 - 0x0000000050709000 	C:\Program Files\Java\jdk1.8.0_91\jre\bin\java.dll
0x00000000506c0000 - 0x00000000506d6000 	C:\Program Files\Java\jdk1.8.0_91\jre\bin\zip.dll
0x00007ffc060d0000 - 0x00007ffc075f3000 	C:\Windows\system32\SHELL32.dll
0x00007ffc04c30000 - 0x00007ffc05259000 	C:\Windows\system32\windows.storage.dll
0x00007ffc07bd0000 - 0x00007ffc07e4c000 	C:\Windows\system32\combase.dll
0x00007ffc078f0000 - 0x00007ffc07941000 	C:\Windows\system32\shlwapi.dll
0x00007ffc04a40000 - 0x00007ffc04a4f000 	C:\Windows\system32\kernel.appcore.dll
0x00007ffc04a70000 - 0x00007ffc04b23000 	C:\Windows\system32\shcore.dll
0x00007ffc049f0000 - 0x00007ffc04a3a000 	C:\Windows\system32\powrprof.dll
0x00007ffc049d0000 - 0x00007ffc049e3000 	C:\Windows\system32\profapi.dll

VM Arguments:
jvm_args: -Djava.awt.headless=true -Xmx1024M -Dfile.encoding=windows-1252 -Duser.country=MX -Duser.language=es -Duser.variant 
java_command: com.android.dx.command.Main --dex --force-jumbo --num-threads=4 --multi-dex --output C:\Users\JONATAN\Desktop\NuevaIOTMX\app\build\intermediates\transforms\dex\debug\folders\1000\10\com.android.support-support-v4-23.4.0_cbf2b06e3bd0d3a293b98dcb9b64c21f179acb43 C:\Users\JONATAN\Desktop\NuevaIOTMX\app\build\intermediates\exploded-aar\com.android.support\support-v4\23.4.0\jars\classes.jar
java_class_path (initial): C:\Users\JONATAN\AppData\Local\Android\sdk\build-tools\24.0.0\lib\dx.jar
Launcher Type: SUN_STANDARD

Environment Variables:
PATH=C:\Python27\;C:\Python27\Scripts;C:\ProgramData\Oracle\Java\javapath;C:\Windows\system32;C:\Windows;C:\Windows\System32\Wbem;C:\Windows\System32\WindowsPowerShell\v1.0\;C:\Program Files\Microsoft SQL Server\120\DTS\Binn\;C:\Program Files\Microsoft SQL Server\Client SDK\ODBC\110\Tools\Binn\;C:\Program Files (x86)\Microsoft SQL Server\120\Tools\Binn\;C:\Program Files\Microsoft SQL Server\120\Tools\Binn\;C:\Program Files (x86)\Microsoft SQL Server\120\Tools\Binn\ManagementStudio\;C:\Program Files (x86)\Microsoft SQL Server\120\DTS\Binn\;C:\Microsoft SQL Server Migration Assistant for MySQL\bin\;C:\Program Files (x86)\Nmap
USERNAME=JONATAN
OS=Windows_NT
PROCESSOR_IDENTIFIER=Intel64 Family 6 Model 69 Stepping 1, GenuineIntel



---------------  S Y S T E M  ---------------

OS: Windows 10.0 , 64 bit Build 10240 (10.0.10240.16384)

CPU:total 4 (2 cores per cpu, 2 threads per core) family 6 model 69 stepping 1, cmov, cx8, fxsr, mmx, sse, sse2, sse3, ssse3, sse4.1, sse4.2, popcnt, avx, avx2, aes, clmul, erms, lzcnt, ht, tsc, tscinvbit, bmi1, bmi2

Memory: 4k page, physical 6172120k(1171312k free), swap 7189352k(5152k free)

vm_info: Java HotSpot(TM) 64-Bit Server VM (25.91-b14) for windows-amd64 JRE (1.8.0_91-b14), built on Apr  1 2016 00:58:32 by "java_re" with MS VC++ 10.0 (VS2010)

time: Mon Sep 19 18:39:40 2016
elapsed time: 6 seconds (0d 0h 0m 6s)

