#
# There is insufficient memory for the Java Runtime Environment to continue.
# Native memory allocation (malloc) failed to allocate 371408 bytes for Chunk::new
# Possible reasons:
#   The system is out of physical RAM or swap space
#   In 32 bit mode, the process size limit was hit
# Possible solutions:
#   Reduce memory load on the system
#   Increase physical memory or swap space
#   Check if swap backing store is full
#   Use 64 bit Java on a 64 bit OS
#   Decrease Java heap size (-Xmx/-Xms)
#   Decrease number of Java threads
#   Decrease Java thread stack sizes (-Xss)
#   Set larger code cache with -XX:ReservedCodeCacheSize=
# This output file may be truncated or incomplete.
#
#  Out of Memory Error (allocation.cpp:390), pid=6948, tid=2364
#
# JRE version: Java(TM) SE Runtime Environment (8.0_91-b14) (build 1.8.0_91-b14)
# Java VM: Java HotSpot(TM) 64-Bit Server VM (25.91-b14 mixed mode windows-amd64 compressed oops)
# Failed to write core dump. Minidumps are not enabled by default on client versions of Windows
#

---------------  T H R E A D  ---------------

Current thread (0x00000000149ea000):  JavaThread "C2 CompilerThread1" daemon [_thread_in_native, id=2364, stack(0x00000000160f0000,0x00000000161f0000)]

Stack: [0x00000000160f0000,0x00000000161f0000]
[error occurred during error reporting (printing stack bounds), id 0xc0000005]

Native frames: (J=compiled Java code, j=interpreted, Vv=VM code, C=native code)


Current CompileTask:
C2:   5376 1162       4       com.android.dx.ssa.LocalVariableExtractor::processBlock (383 bytes)


---------------  P R O C E S S  ---------------

Java Threads: ( => current thread )
  0x00000000164a8000 JavaThread "pool-2-thread-4" [_thread_in_Java, id=7688, stack(0x0000000016cf0000,0x0000000016df0000)]
  0x0000000016338000 JavaThread "pool-2-thread-3" [_thread_in_Java, id=3788, stack(0x0000000016bf0000,0x0000000016cf0000)]
  0x000000001647a000 JavaThread "pool-2-thread-2" [_thread_blocked, id=6172, stack(0x0000000016af0000,0x0000000016bf0000)]
  0x0000000016334800 JavaThread "pool-3-thread-1" [_thread_blocked, id=7264, stack(0x00000000169f0000,0x0000000016af0000)]
  0x000000001632f800 JavaThread "pool-2-thread-1" [_thread_blocked, id=8160, stack(0x00000000168f0000,0x00000000169f0000)]
  0x00000000161f6000 JavaThread "Service Thread" daemon [_thread_blocked, id=4504, stack(0x00000000166f0000,0x00000000167f0000)]
  0x00000000161f0800 JavaThread "C1 CompilerThread2" daemon [_thread_blocked, id=5092, stack(0x00000000165f0000,0x00000000166f0000)]
=>0x00000000149ea000 JavaThread "C2 CompilerThread1" daemon [_thread_in_native, id=2364, stack(0x00000000160f0000,0x00000000161f0000)]
  0x000000001498c800 JavaThread "C2 CompilerThread0" daemon [_thread_blocked, id=7908, stack(0x0000000015ff0000,0x00000000160f0000)]
  0x000000001498b800 JavaThread "Attach Listener" daemon [_thread_blocked, id=7748, stack(0x0000000015ef0000,0x0000000015ff0000)]
  0x000000001498a000 JavaThread "Signal Dispatcher" daemon [_thread_blocked, id=6988, stack(0x0000000015df0000,0x0000000015ef0000)]
  0x000000001497a800 JavaThread "Finalizer" daemon [_thread_blocked, id=5928, stack(0x0000000015bf0000,0x0000000015cf0000)]
  0x00000000022af000 JavaThread "Reference Handler" daemon [_thread_blocked, id=7552, stack(0x0000000015af0000,0x0000000015bf0000)]
  0x00000000021c0800 JavaThread "main" [_thread_in_Java, id=4080, stack(0x00000000020c0000,0x00000000021c0000)]

Other Threads:
  0x0000000014957800 VMThread [stack: 0x00000000159f0000,0x0000000015af0000] [id=6664]
  0x000000001620d000 WatcherThread [stack: 0x00000000167f0000,0x00000000168f0000] [id=7468]

VM state:not at safepoint (normal execution)

VM Mutex/Monitor currently owned by a thread: None

Heap:
 PSYoungGen      total 53248K, used 9713K [0x00000000eab00000, 0x00000000f1300000, 0x0000000100000000)
  eden space 49152K, 11% used [0x00000000eab00000,0x00000000eb07cfa8,0x00000000edb00000)
  from space 4096K, 99% used [0x00000000edb00000,0x00000000edeff698,0x00000000edf00000)
  to   space 4096K, 0% used [0x00000000f0f00000,0x00000000f0f00000,0x00000000f1300000)
 ParOldGen       total 65536K, used 36213K [0x00000000c0000000, 0x00000000c4000000, 0x00000000eab00000)
  object space 65536K, 55% used [0x00000000c0000000,0x00000000c235d518,0x00000000c4000000)
 Metaspace       used 5800K, capacity 6896K, committed 7040K, reserved 1056768K
  class space    used 585K, capacity 616K, committed 640K, reserved 1048576K

Card table byte_map: [0x0000000011680000,0x0000000011890000] byte_map_base: 0x0000000011080000

Marking Bits: (ParMarkBitMap*) 0x0000000051052f70
 Begin Bits: [0x0000000011df0000, 0x0000000012df0000)
 End Bits:   [0x0000000012df0000, 0x0000000013df0000)

Polling page: 0x0000000001fe0000

CodeCache: size=245760Kb used=4944Kb max_used=4969Kb free=240815Kb
 bounds [0x00000000022c0000, 0x00000000027a0000, 0x00000000112c0000]
 total_blobs=1399 nmethods=1137 adapters=175
 compilation: enabled

Compilation events (10 events):
Event: 4.999 Thread 0x00000000161f0800 1166 %     3       com.android.dx.ssa.Dominators::run @ 283 (506 bytes)
Event: 5.005 Thread 0x00000000161f0800 nmethod 1166% 0x0000000002780c50 code [0x0000000002781260, 0x0000000002785598]
Event: 5.012 Thread 0x00000000161f0800 1167       3       com.android.dx.ssa.Dominators::run (506 bytes)
Event: 5.017 Thread 0x00000000161f0800 nmethod 1167 0x0000000002789010 code [0x0000000002789600, 0x000000000278d738]
Event: 5.023 Thread 0x00000000161f0800 1168       3       com.android.dx.ssa.SsaConverter::placePhiFunctions (394 bytes)
Event: 5.028 Thread 0x00000000161f0800 nmethod 1168 0x00000000027910d0 code [0x0000000002791660, 0x0000000002794af8]
Event: 5.158 Thread 0x00000000161f0800 1169       1       com.android.dx.ssa.PhiInsn::canThrow (2 bytes)
Event: 5.158 Thread 0x00000000161f0800 nmethod 1169 0x0000000002745b50 code [0x0000000002745ca0, 0x0000000002745db0]
Event: 5.174 Thread 0x00000000149ea000 nmethod 1159 0x0000000002798090 code [0x00000000027983c0, 0x000000000279bbb0]
Event: 5.174 Thread 0x00000000149ea000 1162       4       com.android.dx.ssa.LocalVariableExtractor::processBlock (383 bytes)

GC Heap History (6 events):
Event: 4.336 GC heap before
{Heap before GC invocations=1 (full 0):
 PSYoungGen      total 28672K, used 24576K [0x00000000eab00000, 0x00000000ecb00000, 0x0000000100000000)
  eden space 24576K, 100% used [0x00000000eab00000,0x00000000ec300000,0x00000000ec300000)
  from space 4096K, 0% used [0x00000000ec700000,0x00000000ec700000,0x00000000ecb00000)
  to   space 4096K, 0% used [0x00000000ec300000,0x00000000ec300000,0x00000000ec700000)
 ParOldGen       total 65536K, used 0K [0x00000000c0000000, 0x00000000c4000000, 0x00000000eab00000)
  object space 65536K, 0% used [0x00000000c0000000,0x00000000c0000000,0x00000000c4000000)
 Metaspace       used 5747K, capacity 6832K, committed 7040K, reserved 1056768K
  class space    used 584K, capacity 616K, committed 640K, reserved 1048576K
Event: 4.392 GC heap after
Heap after GC invocations=1 (full 0):
 PSYoungGen      total 28672K, used 4076K [0x00000000eab00000, 0x00000000ee300000, 0x0000000100000000)
  eden space 24576K, 0% used [0x00000000eab00000,0x00000000eab00000,0x00000000ec300000)
  from space 4096K, 99% used [0x00000000ec300000,0x00000000ec6fb2c0,0x00000000ec700000)
  to   space 4096K, 0% used [0x00000000edf00000,0x00000000edf00000,0x00000000ee300000)
 ParOldGen       total 65536K, used 2808K [0x00000000c0000000, 0x00000000c4000000, 0x00000000eab00000)
  object space 65536K, 4% used [0x00000000c0000000,0x00000000c02be1f8,0x00000000c4000000)
 Metaspace       used 5747K, capacity 6832K, committed 7040K, reserved 1056768K
  class space    used 584K, capacity 616K, committed 640K, reserved 1048576K
}
Event: 4.577 GC heap before
{Heap before GC invocations=2 (full 0):
 PSYoungGen      total 28672K, used 28652K [0x00000000eab00000, 0x00000000ee300000, 0x0000000100000000)
  eden space 24576K, 100% used [0x00000000eab00000,0x00000000ec300000,0x00000000ec300000)
  from space 4096K, 99% used [0x00000000ec300000,0x00000000ec6fb2c0,0x00000000ec700000)
  to   space 4096K, 0% used [0x00000000edf00000,0x00000000edf00000,0x00000000ee300000)
 ParOldGen       total 65536K, used 2808K [0x00000000c0000000, 0x00000000c4000000, 0x00000000eab00000)
  object space 65536K, 4% used [0x00000000c0000000,0x00000000c02be1f8,0x00000000c4000000)
 Metaspace       used 5775K, capacity 6896K, committed 7040K, reserved 1056768K
  class space    used 584K, capacity 616K, committed 640K, reserved 1048576K
Event: 4.656 GC heap after
Heap after GC invocations=2 (full 0):
 PSYoungGen      total 53248K, used 4093K [0x00000000eab00000, 0x00000000ee300000, 0x0000000100000000)
  eden space 49152K, 0% used [0x00000000eab00000,0x00000000eab00000,0x00000000edb00000)
  from space 4096K, 99% used [0x00000000edf00000,0x00000000ee2ff698,0x00000000ee300000)
  to   space 4096K, 0% used [0x00000000edb00000,0x00000000edb00000,0x00000000edf00000)
 ParOldGen       total 65536K, used 15604K [0x00000000c0000000, 0x00000000c4000000, 0x00000000eab00000)
  object space 65536K, 23% used [0x00000000c0000000,0x00000000c0f3d3a0,0x00000000c4000000)
 Metaspace       used 5775K, capacity 6896K, committed 7040K, reserved 1056768K
  class space    used 584K, capacity 616K, committed 640K, reserved 1048576K
}
Event: 5.194 GC heap before
{Heap before GC invocations=3 (full 0):
 PSYoungGen      total 53248K, used 53245K [0x00000000eab00000, 0x00000000ee300000, 0x0000000100000000)
  eden space 49152K, 100% used [0x00000000eab00000,0x00000000edb00000,0x00000000edb00000)
  from space 4096K, 99% used [0x00000000edf00000,0x00000000ee2ff698,0x00000000ee300000)
  to   space 4096K, 0% used [0x00000000edb00000,0x00000000edb00000,0x00000000edf00000)
 ParOldGen       total 65536K, used 15604K [0x00000000c0000000, 0x00000000c4000000, 0x00000000eab00000)
  object space 65536K, 23% used [0x00000000c0000000,0x00000000c0f3d3a0,0x00000000c4000000)
 Metaspace       used 5800K, capacity 6896K, committed 7040K, reserved 1056768K
  class space    used 585K, capacity 616K, committed 640K, reserved 1048576K
Event: 5.305 GC heap after
Heap after GC invocations=3 (full 0):
 PSYoungGen      total 53248K, used 4093K [0x00000000eab00000, 0x00000000f1300000, 0x0000000100000000)
  eden space 49152K, 0% used [0x00000000eab00000,0x00000000eab00000,0x00000000edb00000)
  from space 4096K, 99% used [0x00000000edb00000,0x00000000edeff698,0x00000000edf00000)
  to   space 4096K, 0% used [0x00000000f0f00000,0x00000000f0f00000,0x00000000f1300000)
 ParOldGen       total 65536K, used 36213K [0x00000000c0000000, 0x00000000c4000000, 0x00000000eab00000)
  object space 65536K, 55% used [0x00000000c0000000,0x00000000c235d518,0x00000000c4000000)
 Metaspace       used 5800K, capacity 6896K, committed 7040K, reserved 1056768K
  class space    used 585K, capacity 616K, committed 640K, reserved 1048576K
}

Deoptimization events (10 events):
Event: 3.573 Thread 0x000000001632f800 Uncommon trap: reason=class_check action=maybe_recompile pc=0x00000000025d6530 method=com.android.dx.ssa.NormalSsaInsn.accept(Lcom/android/dx/ssa/SsaInsn$Visitor;)V @ 9
Event: 3.573 Thread 0x000000001632f800 Uncommon trap: reason=class_check action=maybe_recompile pc=0x00000000025d6530 method=com.android.dx.ssa.NormalSsaInsn.accept(Lcom/android/dx/ssa/SsaInsn$Visitor;)V @ 9
Event: 3.573 Thread 0x000000001632f800 Uncommon trap: reason=class_check action=maybe_recompile pc=0x00000000025d6530 method=com.android.dx.ssa.NormalSsaInsn.accept(Lcom/android/dx/ssa/SsaInsn$Visitor;)V @ 9
Event: 3.579 Thread 0x000000001632f800 Uncommon trap: reason=null_check action=make_not_entrant pc=0x00000000025d6b80 method=com.android.dx.ssa.SsaRenamer.getLocalForNewReg(I)Lcom/android/dx/rop/code/LocalItem; @ 19
Event: 3.592 Thread 0x0000000016338000 Uncommon trap: reason=unstable_if action=reinterpret pc=0x00000000025e1244 method=com.android.dx.rop.code.RegisterSpec.equals(ILcom/android/dx/rop/type/TypeBearer;Lcom/android/dx/rop/code/LocalItem;)Z @ 16
Event: 3.593 Thread 0x0000000016338000 Uncommon trap: reason=unstable_if action=reinterpret pc=0x00000000025e1b64 method=com.android.dx.rop.code.RegisterSpec.equals(ILcom/android/dx/rop/type/TypeBearer;Lcom/android/dx/rop/code/LocalItem;)Z @ 16
Event: 4.447 Thread 0x000000001632f800 Uncommon trap: reason=class_check action=maybe_recompile pc=0x00000000026ddbdc method=com.android.dx.cf.code.BytecodeArray.parseInstruction(ILcom/android/dx/cf/code/BytecodeArray$Visitor;)I @ 1357
Event: 4.447 Thread 0x000000001632f800 Uncommon trap: reason=class_check action=maybe_recompile pc=0x00000000026ddbdc method=com.android.dx.cf.code.BytecodeArray.parseInstruction(ILcom/android/dx/cf/code/BytecodeArray$Visitor;)I @ 1357
Event: 4.447 Thread 0x000000001632f800 Uncommon trap: reason=class_check action=maybe_recompile pc=0x00000000026dc454 method=com.android.dx.cf.code.BytecodeArray.parseInstruction(ILcom/android/dx/cf/code/BytecodeArray$Visitor;)I @ 1747
Event: 4.447 Thread 0x000000001632f800 Uncommon trap: reason=class_check action=maybe_recompile pc=0x00000000026dc454 method=com.android.dx.cf.code.BytecodeArray.parseInstruction(ILcom/android/dx/cf/code/BytecodeArray$Visitor;)I @ 1747

Internal exceptions (3 events):
Event: 0.339 Thread 0x00000000021c0800 Exception <a 'java/lang/NoSuchMethodError': Method sun.misc.Unsafe.defineClass(Ljava/lang/String;[BII)Ljava/lang/Class; name or signature does not match> (0x00000000eab07cc0) thrown at [C:\re\workspace\8-2-build-windows-amd64-cygwin\jdk8u91\6644\hotspot\sr¦áª¢ÙµÕ?
Event: 0.339 Thread 0x00000000021c0800 Exception <a 'java/lang/NoSuchMethodError': Method sun.misc.Unsafe.prefetchRead(Ljava/lang/Object;J)V name or signature does not match> (0x00000000eab07fa8) thrown at [C:\re\workspace\8-2-build-windows-amd64-cygwin\jdk8u91\6644\hotspot\src\share\vm\prims\jã3Î^¢@
Event: 3.579 Thread 0x000000001632f800 Implicit null exception at 0x00000000025d5091 to 0x00000000025d6b61

Events (10 events):
Event: 4.744 loading class com/android/dx/util/ListIntSet$1
Event: 4.745 loading class com/android/dx/util/ListIntSet$1 done
Event: 4.763 Thread 0x00000000021c0800 DEOPT PACKING pc=0x00000000025b4ea5 sp=0x00000000021be170
Event: 4.763 Thread 0x00000000021c0800 DEOPT UNPACKING pc=0x000000000230787f sp=0x00000000021bde68 mode 0
Event: 4.932 Thread 0x00000000021c0800 DEOPT PACKING pc=0x0000000002602e04 sp=0x00000000021be120
Event: 4.932 Thread 0x00000000021c0800 DEOPT UNPACKING pc=0x000000000230787f sp=0x00000000021bde48 mode 0
Event: 4.941 Thread 0x00000000021c0800 DEOPT PACKING pc=0x00000000026c95d8 sp=0x00000000021bdf90
Event: 4.941 Thread 0x00000000021c0800 DEOPT UNPACKING pc=0x000000000230787f sp=0x00000000021bdca0 mode 0
Event: 5.185 Executing VM operation: ParallelGCFailedAllocation
Event: 5.305 Executing VM operation: ParallelGCFailedAllocation done


Dynamic libraries:
0x00007ff7ef3d0000 - 0x00007ff7ef407000 	C:\Program Files\Java\jdk1.8.0_91\bin\java.exe
0x00007ffc07fa0000 - 0x00007ffc08162000 	C:\Windows\SYSTEM32\ntdll.dll
0x00007ffc05800000 - 0x00007ffc058ad000 	C:\Windows\system32\KERNEL32.DLL
0x00007ffc052c0000 - 0x00007ffc0549d000 	C:\Windows\system32\KERNELBASE.dll
0x00007ffc058b0000 - 0x00007ffc05956000 	C:\Windows\system32\ADVAPI32.dll
0x00007ffc076c0000 - 0x00007ffc0775d000 	C:\Windows\system32\msvcrt.dll
0x00007ffc05720000 - 0x00007ffc0577b000 	C:\Windows\system32\sechost.dll
0x00007ffc05fa0000 - 0x00007ffc060c6000 	C:\Windows\system32\RPCRT4.dll
0x00007ffc07a10000 - 0x00007ffc07b5e000 	C:\Windows\system32\USER32.dll
0x00007ffc07760000 - 0x00007ffc078e5000 	C:\Windows\system32\GDI32.dll
0x00007ffbec440000 - 0x00007ffbec6b4000 	C:\Windows\WinSxS\amd64_microsoft.windows.common-controls_6595b64144ccf1df_6.0.10240.16384_none_f41f7b285750ef43\COMCTL32.dll
0x00007ffc07b80000 - 0x00007ffc07bb6000 	C:\Windows\system32\IMM32.DLL
0x00007ffc05960000 - 0x00007ffc05abc000 	C:\Windows\system32\MSCTF.dll
0x0000000050760000 - 0x0000000050832000 	C:\Program Files\Java\jdk1.8.0_91\jre\bin\msvcr100.dll
0x0000000050840000 - 0x00000000510d3000 	C:\Program Files\Java\jdk1.8.0_91\jre\bin\server\jvm.dll
0x00007ffc05ba0000 - 0x00007ffc05ba8000 	C:\Windows\system32\PSAPI.DLL
0x00007ffbdeeb0000 - 0x00007ffbdeeb9000 	C:\Windows\SYSTEM32\WSOCK32.dll
0x00007ffc05f30000 - 0x00007ffc05f99000 	C:\Windows\system32\WS2_32.dll
0x00007ffc057f0000 - 0x00007ffc057f8000 	C:\Windows\system32\NSI.dll
0x00007ffc02c50000 - 0x00007ffc02c73000 	C:\Windows\SYSTEM32\WINMM.dll
0x00007ffbfc7f0000 - 0x00007ffbfc7fa000 	C:\Windows\SYSTEM32\VERSION.dll
0x00007ffc02b50000 - 0x00007ffc02b7c000 	C:\Windows\SYSTEM32\WINMMBASE.dll
0x00007ffc04b30000 - 0x00007ffc04b74000 	C:\Windows\system32\cfgmgr32.dll
0x00007ffc03340000 - 0x00007ffc03367000 	C:\Windows\SYSTEM32\DEVOBJ.dll
0x0000000050710000 - 0x000000005071f000 	C:\Program Files\Java\jdk1.8.0_91\jre\bin\verify.dll
0x00000000506e0000 - 0x0000000050709000 	C:\Program Files\Java\jdk1.8.0_91\jre\bin\java.dll
0x00000000506c0000 - 0x00000000506d6000 	C:\Program Files\Java\jdk1.8.0_91\jre\bin\zip.dll
0x00007ffc060d0000 - 0x00007ffc075f3000 	C:\Windows\system32\SHELL32.dll
0x00007ffc04c30000 - 0x00007ffc05259000 	C:\Windows\system32\windows.storage.dll
0x00007ffc07bd0000 - 0x00007ffc07e4c000 	C:\Windows\system32\combase.dll
0x00007ffc078f0000 - 0x00007ffc07941000 	C:\Windows\system32\shlwapi.dll
0x00007ffc04a40000 - 0x00007ffc04a4f000 	C:\Windows\system32\kernel.appcore.dll
0x00007ffc04a70000 - 0x00007ffc04b23000 	C:\Windows\system32\shcore.dll
0x00007ffc049f0000 - 0x00007ffc04a3a000 	C:\Windows\system32\powrprof.dll
0x00007ffc049d0000 - 0x00007ffc049e3000 	C:\Windows\system32\profapi.dll

VM Arguments:
jvm_args: -Djava.awt.headless=true -Xmx1024M -Dfile.encoding=windows-1252 -Duser.country=MX -Duser.language=es -Duser.variant 
java_command: com.android.dx.command.Main --dex --force-jumbo --num-threads=4 --multi-dex --output C:\Users\JONATAN\Desktop\NuevaIOTMX\app\build\intermediates\transforms\dex\debug\folders\1000\5\slice_4 C:\Users\JONATAN\Desktop\NuevaIOTMX\app\build\intermediates\transforms\instantRunSlicer\debug\folders\1\5\slice_4
java_class_path (initial): C:\Users\JONATAN\AppData\Local\Android\sdk\build-tools\24.0.0\lib\dx.jar
Launcher Type: SUN_STANDARD

Environment Variables:
PATH=C:\Python27\;C:\Python27\Scripts;C:\ProgramData\Oracle\Java\javapath;C:\Windows\system32;C:\Windows;C:\Windows\System32\Wbem;C:\Windows\System32\WindowsPowerShell\v1.0\;C:\Program Files\Microsoft SQL Server\120\DTS\Binn\;C:\Program Files\Microsoft SQL Server\Client SDK\ODBC\110\Tools\Binn\;C:\Program Files (x86)\Microsoft SQL Server\120\Tools\Binn\;C:\Program Files\Microsoft SQL Server\120\Tools\Binn\;C:\Program Files (x86)\Microsoft SQL Server\120\Tools\Binn\ManagementStudio\;C:\Program Files (x86)\Microsoft SQL Server\120\DTS\Binn\;C:\Microsoft SQL Server Migration Assistant for MySQL\bin\;C:\Program Files (x86)\Nmap
USERNAME=JONATAN
OS=Windows_NT
PROCESSOR_IDENTIFIER=Intel64 Family 6 Model 69 Stepping 1, GenuineIntel



---------------  S Y S T E M  ---------------

OS: Windows 10.0 , 64 bit Build 10240 (10.0.10240.16384)

CPU:total 4 (2 cores per cpu, 2 threads per core) family 6 model 69 stepping 1, cmov, cx8, fxsr, mmx, sse, sse2, sse3, ssse3, sse4.1, sse4.2, popcnt, avx, avx2, aes, clmul, erms, lzcnt, ht, tsc, tscinvbit, bmi1, bmi2

Memory: 4k page, physical 6172120k(1486468k free), swap 7207176k(5328k free)

vm_info: Java HotSpot(TM) 64-Bit Server VM (25.91-b14) for windows-amd64 JRE (1.8.0_91-b14), built on Apr  1 2016 00:58:32 by "java_re" with MS VC++ 10.0 (VS2010)

time: Mon Sep 19 18:44:48 2016
elapsed time: 5 seconds (0d 0h 0m 5s)

